2021-02-03 16:40:56 - PHP Warning:  mkdir(): File exists in C:\xampp\htdocs\opencart-3.0.3.7\system\storage\vendor\twig\twig\src\Cache\FilesystemCache.php on line 54
2021-02-03 16:40:57 - PHP Warning:  mkdir(): File exists in C:\xampp\htdocs\opencart-3.0.3.7\system\storage\vendor\twig\twig\src\Cache\FilesystemCache.php on line 54
2021-02-03 16:40:57 - PHP Warning:  rename(C:\xampp\htdocs\opencart-3.0.3.7\system\storage\cache\template\8e\8ed56BE.tmp,C:/xampp/htdocs/opencart-3.0.3.7/system/storage/cache/template/8e/8edb4e13672148a4bfb8122120a41208f54697d1edf35b52dbf811fe4899533b.php): Access is denied (code: 5) in C:\xampp\htdocs\opencart-3.0.3.7\system\storage\vendor\twig\twig\src\Cache\FilesystemCache.php on line 65
2021-02-04 11:06:50 - PHP Warning:  mail(): Failed to connect to mailserver at &quot;localhost&quot; port 25, verify your &quot;SMTP&quot; and &quot;smtp_port&quot; setting in php.ini or use ini_set() in C:\xampp\htdocs\opencart-3.0.3.7\system\library\mail\mail.php on line 77
2021-02-04 11:07:16 - PHP Warning:  mail(): Failed to connect to mailserver at &quot;localhost&quot; port 25, verify your &quot;SMTP&quot; and &quot;smtp_port&quot; setting in php.ini or use ini_set() in C:\xampp\htdocs\opencart-3.0.3.7\system\library\mail\mail.php on line 77
2021-02-04 11:07:18 - PHP Warning:  mail(): Failed to connect to mailserver at &quot;localhost&quot; port 25, verify your &quot;SMTP&quot; and &quot;smtp_port&quot; setting in php.ini or use ini_set() in C:\xampp\htdocs\opencart-3.0.3.7\system\library\mail\mail.php on line 77
2023-12-19 6:30:31 - PHP Warning:  imagecreatefrompng(): gd-png: libpng warning: iCCP: known incorrect sRGB profile in E:\nkutty\system\library\image.php on line 45
2023-12-19 6:30:31 - PHP Warning:  imagecreatefrompng(): gd-png: libpng warning: iCCP: known incorrect sRGB profile in E:\nkutty\system\library\image.php on line 45
2023-12-19 6:30:31 - PHP Warning:  imagecreatefrompng(): gd-png: libpng warning: iCCP: known incorrect sRGB profile in E:\nkutty\system\library\image.php on line 45
2023-12-19 9:02:21 - PHP Warning:  imagecreatefrompng(): gd-png: libpng warning: iCCP: known incorrect sRGB profile in E:\nkutty\system\library\image.php on line 45
2023-12-20 10:48:41 - PHP Unknown:  mysqli::real_escape_string(): Passing null to parameter #1 ($string) of type string is deprecated in E:\nkutty\system\library\db\mysqli.php on line 46
2023-12-20 10:48:41 - PHP Unknown:  Automatic conversion of false to array is deprecated in E:\nkutty\catalog\controller\startup\startup.php on line 103
2023-12-20 10:48:42 - PHP Unknown:  Return type of Twig\Node\Node::count() should either be compatible with Countable::count(): int, or the #[\ReturnTypeWillChange] attribute should be used to temporarily suppress the notice in E:\nkutty\storage\vendor\twig\twig\src\Node\Node.php on line 161
2023-12-20 10:48:42 - PHP Unknown:  Return type of Twig\Node\Node::getIterator() should either be compatible with IteratorAggregate::getIterator(): Traversable, or the #[\ReturnTypeWillChange] attribute should be used to temporarily suppress the notice in E:\nkutty\storage\vendor\twig\twig\src\Node\Node.php on line 166
2023-12-20 10:48:43 - PHP Unknown:  round(): Passing null to parameter #1 ($num) of type int|float is deprecated in E:\nkutty\catalog\model\catalog\product.php on line 52
2023-12-20 10:48:43 - PHP Unknown:  round(): Passing null to parameter #1 ($num) of type int|float is deprecated in E:\nkutty\catalog\model\catalog\product.php on line 52
2023-12-20 10:48:43 - PHP Unknown:  round(): Passing null to parameter #1 ($num) of type int|float is deprecated in E:\nkutty\catalog\model\catalog\product.php on line 52
2023-12-20 10:48:43 - PHP Unknown:  round(): Passing null to parameter #1 ($num) of type int|float is deprecated in E:\nkutty\catalog\model\catalog\product.php on line 52
2023-12-20 10:48:43 - PHP Unknown:  round(): Passing null to parameter #1 ($num) of type int|float is deprecated in E:\nkutty\catalog\model\catalog\product.php on line 52
2023-12-20 10:48:43 - PHP Unknown:  round(): Passing null to parameter #1 ($num) of type int|float is deprecated in E:\nkutty\catalog\model\catalog\product.php on line 52
2023-12-20 10:48:43 - PHP Unknown:  round(): Passing null to parameter #1 ($num) of type int|float is deprecated in E:\nkutty\catalog\model\catalog\product.php on line 52
2023-12-20 10:48:43 - PHP Unknown:  round(): Passing null to parameter #1 ($num) of type int|float is deprecated in E:\nkutty\catalog\model\catalog\product.php on line 52
2023-12-20 10:48:43 - PHP Unknown:  round(): Passing null to parameter #1 ($num) of type int|float is deprecated in E:\nkutty\catalog\model\catalog\product.php on line 52
2023-12-20 10:48:43 - PHP Unknown:  round(): Passing null to parameter #1 ($num) of type int|float is deprecated in E:\nkutty\catalog\model\catalog\product.php on line 52
2023-12-20 10:48:43 - PHP Unknown:  round(): Passing null to parameter #1 ($num) of type int|float is deprecated in E:\nkutty\catalog\model\catalog\product.php on line 52
2023-12-20 10:48:43 - PHP Unknown:  round(): Passing null to parameter #1 ($num) of type int|float is deprecated in E:\nkutty\catalog\model\catalog\product.php on line 52
2023-12-20 10:48:43 - PHP Unknown:  round(): Passing null to parameter #1 ($num) of type int|float is deprecated in E:\nkutty\catalog\model\catalog\product.php on line 52
2023-12-20 10:48:43 - PHP Unknown:  round(): Passing null to parameter #1 ($num) of type int|float is deprecated in E:\nkutty\catalog\model\catalog\product.php on line 52
2023-12-20 10:48:43 - PHP Unknown:  round(): Passing null to parameter #1 ($num) of type int|float is deprecated in E:\nkutty\catalog\model\catalog\product.php on line 52
2023-12-20 10:48:43 - PHP Unknown:  round(): Passing null to parameter #1 ($num) of type int|float is deprecated in E:\nkutty\catalog\model\catalog\product.php on line 52
2023-12-20 10:48:43 - PHP Unknown:  round(): Passing null to parameter #1 ($num) of type int|float is deprecated in E:\nkutty\catalog\model\catalog\product.php on line 52
2023-12-20 10:48:43 - PHP Unknown:  round(): Passing null to parameter #1 ($num) of type int|float is deprecated in E:\nkutty\catalog\model\catalog\product.php on line 52
2023-12-20 10:48:43 - PHP Unknown:  round(): Passing null to parameter #1 ($num) of type int|float is deprecated in E:\nkutty\catalog\model\catalog\product.php on line 52
2023-12-20 10:48:43 - PHP Unknown:  round(): Passing null to parameter #1 ($num) of type int|float is deprecated in E:\nkutty\catalog\model\catalog\product.php on line 52
2023-12-20 10:48:43 - PHP Unknown:  round(): Passing null to parameter #1 ($num) of type int|float is deprecated in E:\nkutty\catalog\model\catalog\product.php on line 52
2023-12-20 10:48:43 - PHP Unknown:  round(): Passing null to parameter #1 ($num) of type int|float is deprecated in E:\nkutty\catalog\model\catalog\product.php on line 52
2023-12-20 10:48:43 - PHP Unknown:  round(): Passing null to parameter #1 ($num) of type int|float is deprecated in E:\nkutty\catalog\model\catalog\product.php on line 52
2023-12-20 10:48:43 - PHP Unknown:  round(): Passing null to parameter #1 ($num) of type int|float is deprecated in E:\nkutty\catalog\model\catalog\product.php on line 52
2023-12-20 10:48:43 - PHP Unknown:  round(): Passing null to parameter #1 ($num) of type int|float is deprecated in E:\nkutty\catalog\model\catalog\product.php on line 52
2023-12-20 10:48:43 - PHP Unknown:  round(): Passing null to parameter #1 ($num) of type int|float is deprecated in E:\nkutty\catalog\model\catalog\product.php on line 52
2023-12-20 10:48:43 - PHP Unknown:  round(): Passing null to parameter #1 ($num) of type int|float is deprecated in E:\nkutty\catalog\model\catalog\product.php on line 52
2023-12-20 10:48:43 - PHP Unknown:  round(): Passing null to parameter #1 ($num) of type int|float is deprecated in E:\nkutty\catalog\model\catalog\product.php on line 52
2023-12-20 10:48:43 - PHP Unknown:  round(): Passing null to parameter #1 ($num) of type int|float is deprecated in E:\nkutty\catalog\model\catalog\product.php on line 52
2023-12-20 10:48:43 - PHP Unknown:  round(): Passing null to parameter #1 ($num) of type int|float is deprecated in E:\nkutty\catalog\model\catalog\product.php on line 52
2023-12-20 10:48:43 - PHP Unknown:  round(): Passing null to parameter #1 ($num) of type int|float is deprecated in E:\nkutty\catalog\model\catalog\product.php on line 52
2023-12-20 10:48:43 - PHP Unknown:  round(): Passing null to parameter #1 ($num) of type int|float is deprecated in E:\nkutty\catalog\model\catalog\product.php on line 52
2023-12-20 10:48:44 - PHP Unknown:  round(): Passing null to parameter #1 ($num) of type int|float is deprecated in E:\nkutty\catalog\model\catalog\product.php on line 52
2023-12-20 10:48:44 - PHP Unknown:  round(): Passing null to parameter #1 ($num) of type int|float is deprecated in E:\nkutty\catalog\model\catalog\product.php on line 52
2023-12-20 10:48:44 - PHP Unknown:  round(): Passing null to parameter #1 ($num) of type int|float is deprecated in E:\nkutty\catalog\model\catalog\product.php on line 52
2023-12-20 10:48:44 - PHP Unknown:  round(): Passing null to parameter #1 ($num) of type int|float is deprecated in E:\nkutty\catalog\model\catalog\product.php on line 52
2023-12-20 10:48:44 - PHP Unknown:  round(): Passing null to parameter #1 ($num) of type int|float is deprecated in E:\nkutty\catalog\model\catalog\product.php on line 52
2023-12-20 10:48:44 - PHP Unknown:  round(): Passing null to parameter #1 ($num) of type int|float is deprecated in E:\nkutty\catalog\model\catalog\product.php on line 52
2023-12-20 10:48:44 - PHP Unknown:  round(): Passing null to parameter #1 ($num) of type int|float is deprecated in E:\nkutty\catalog\model\catalog\product.php on line 52
2023-12-20 10:48:44 - PHP Unknown:  round(): Passing null to parameter #1 ($num) of type int|float is deprecated in E:\nkutty\catalog\model\catalog\product.php on line 52
2023-12-20 10:48:44 - PHP Unknown:  round(): Passing null to parameter #1 ($num) of type int|float is deprecated in E:\nkutty\catalog\model\catalog\product.php on line 52
2023-12-20 10:48:44 - PHP Unknown:  round(): Passing null to parameter #1 ($num) of type int|float is deprecated in E:\nkutty\catalog\model\catalog\product.php on line 52
2023-12-20 10:48:44 - PHP Unknown:  round(): Passing null to parameter #1 ($num) of type int|float is deprecated in E:\nkutty\catalog\model\catalog\product.php on line 52
2023-12-20 10:48:44 - PHP Unknown:  round(): Passing null to parameter #1 ($num) of type int|float is deprecated in E:\nkutty\catalog\model\catalog\product.php on line 52
2023-12-20 10:48:44 - PHP Unknown:  round(): Passing null to parameter #1 ($num) of type int|float is deprecated in E:\nkutty\catalog\model\catalog\product.php on line 52
2023-12-20 10:48:44 - PHP Unknown:  round(): Passing null to parameter #1 ($num) of type int|float is deprecated in E:\nkutty\catalog\model\catalog\product.php on line 52
2023-12-20 10:48:44 - PHP Unknown:  round(): Passing null to parameter #1 ($num) of type int|float is deprecated in E:\nkutty\catalog\model\catalog\product.php on line 52
2023-12-20 10:48:44 - PHP Unknown:  round(): Passing null to parameter #1 ($num) of type int|float is deprecated in E:\nkutty\catalog\model\catalog\product.php on line 52
2023-12-20 10:48:44 - PHP Unknown:  round(): Passing null to parameter #1 ($num) of type int|float is deprecated in E:\nkutty\catalog\model\catalog\product.php on line 52
2023-12-20 10:48:44 - PHP Unknown:  round(): Passing null to parameter #1 ($num) of type int|float is deprecated in E:\nkutty\catalog\model\catalog\product.php on line 52
2023-12-20 10:48:45 - PHP Unknown:  round(): Passing null to parameter #1 ($num) of type int|float is deprecated in E:\nkutty\catalog\model\catalog\product.php on line 52
2023-12-20 10:48:45 - PHP Unknown:  round(): Passing null to parameter #1 ($num) of type int|float is deprecated in E:\nkutty\catalog\model\catalog\product.php on line 52
2023-12-20 10:48:45 - PHP Unknown:  round(): Passing null to parameter #1 ($num) of type int|float is deprecated in E:\nkutty\catalog\model\catalog\product.php on line 52
2023-12-20 10:48:45 - PHP Unknown:  round(): Passing null to parameter #1 ($num) of type int|float is deprecated in E:\nkutty\catalog\model\catalog\product.php on line 52
2023-12-20 10:48:45 - PHP Unknown:  round(): Passing null to parameter #1 ($num) of type int|float is deprecated in E:\nkutty\catalog\model\catalog\product.php on line 52
2023-12-21 5:15:35 - PHP Unknown:  mysqli::real_escape_string(): Passing null to parameter #1 ($string) of type string is deprecated in E:\nkutty\system\library\db\mysqli.php on line 46
2023-12-21 5:15:35 - PHP Unknown:  Automatic conversion of false to array is deprecated in E:\nkutty\catalog\controller\startup\startup.php on line 103
2023-12-21 5:15:37 - PHP Unknown:  round(): Passing null to parameter #1 ($num) of type int|float is deprecated in E:\nkutty\catalog\model\catalog\product.php on line 52
2023-12-21 5:15:37 - PHP Unknown:  round(): Passing null to parameter #1 ($num) of type int|float is deprecated in E:\nkutty\catalog\model\catalog\product.php on line 52
2023-12-21 5:15:37 - PHP Unknown:  round(): Passing null to parameter #1 ($num) of type int|float is deprecated in E:\nkutty\catalog\model\catalog\product.php on line 52
2023-12-21 5:15:37 - PHP Unknown:  round(): Passing null to parameter #1 ($num) of type int|float is deprecated in E:\nkutty\catalog\model\catalog\product.php on line 52
2023-12-21 5:15:37 - PHP Unknown:  round(): Passing null to parameter #1 ($num) of type int|float is deprecated in E:\nkutty\catalog\model\catalog\product.php on line 52
2023-12-21 5:15:37 - PHP Unknown:  round(): Passing null to parameter #1 ($num) of type int|float is deprecated in E:\nkutty\catalog\model\catalog\product.php on line 52
2023-12-21 5:15:37 - PHP Unknown:  round(): Passing null to parameter #1 ($num) of type int|float is deprecated in E:\nkutty\catalog\model\catalog\product.php on line 52
2023-12-21 5:15:37 - PHP Unknown:  round(): Passing null to parameter #1 ($num) of type int|float is deprecated in E:\nkutty\catalog\model\catalog\product.php on line 52
2023-12-21 5:15:37 - PHP Unknown:  round(): Passing null to parameter #1 ($num) of type int|float is deprecated in E:\nkutty\catalog\model\catalog\product.php on line 52
2023-12-21 5:15:37 - PHP Unknown:  round(): Passing null to parameter #1 ($num) of type int|float is deprecated in E:\nkutty\catalog\model\catalog\product.php on line 52
2023-12-21 5:15:37 - PHP Unknown:  round(): Passing null to parameter #1 ($num) of type int|float is deprecated in E:\nkutty\catalog\model\catalog\product.php on line 52
2023-12-21 5:15:37 - PHP Unknown:  round(): Passing null to parameter #1 ($num) of type int|float is deprecated in E:\nkutty\catalog\model\catalog\product.php on line 52
2023-12-21 5:15:37 - PHP Unknown:  round(): Passing null to parameter #1 ($num) of type int|float is deprecated in E:\nkutty\catalog\model\catalog\product.php on line 52
2023-12-21 5:15:37 - PHP Unknown:  round(): Passing null to parameter #1 ($num) of type int|float is deprecated in E:\nkutty\catalog\model\catalog\product.php on line 52
2023-12-21 5:15:37 - PHP Unknown:  round(): Passing null to parameter #1 ($num) of type int|float is deprecated in E:\nkutty\catalog\model\catalog\product.php on line 52
2023-12-21 5:15:37 - PHP Unknown:  round(): Passing null to parameter #1 ($num) of type int|float is deprecated in E:\nkutty\catalog\model\catalog\product.php on line 52
2023-12-21 5:15:37 - PHP Unknown:  round(): Passing null to parameter #1 ($num) of type int|float is deprecated in E:\nkutty\catalog\model\catalog\product.php on line 52
2023-12-21 5:15:37 - PHP Unknown:  round(): Passing null to parameter #1 ($num) of type int|float is deprecated in E:\nkutty\catalog\model\catalog\product.php on line 52
2023-12-21 5:15:37 - PHP Unknown:  round(): Passing null to parameter #1 ($num) of type int|float is deprecated in E:\nkutty\catalog\model\catalog\product.php on line 52
2023-12-21 5:15:37 - PHP Unknown:  round(): Passing null to parameter #1 ($num) of type int|float is deprecated in E:\nkutty\catalog\model\catalog\product.php on line 52
2023-12-21 5:15:37 - PHP Unknown:  round(): Passing null to parameter #1 ($num) of type int|float is deprecated in E:\nkutty\catalog\model\catalog\product.php on line 52
2023-12-21 5:15:37 - PHP Unknown:  round(): Passing null to parameter #1 ($num) of type int|float is deprecated in E:\nkutty\catalog\model\catalog\product.php on line 52
2023-12-21 5:15:37 - PHP Unknown:  round(): Passing null to parameter #1 ($num) of type int|float is deprecated in E:\nkutty\catalog\model\catalog\product.php on line 52
2023-12-21 5:15:37 - PHP Unknown:  round(): Passing null to parameter #1 ($num) of type int|float is deprecated in E:\nkutty\catalog\model\catalog\product.php on line 52
2023-12-21 5:15:37 - PHP Unknown:  round(): Passing null to parameter #1 ($num) of type int|float is deprecated in E:\nkutty\catalog\model\catalog\product.php on line 52
2023-12-21 5:15:37 - PHP Unknown:  round(): Passing null to parameter #1 ($num) of type int|float is deprecated in E:\nkutty\catalog\model\catalog\product.php on line 52
2023-12-21 5:15:37 - PHP Unknown:  round(): Passing null to parameter #1 ($num) of type int|float is deprecated in E:\nkutty\catalog\model\catalog\product.php on line 52
2023-12-21 5:15:37 - PHP Unknown:  round(): Passing null to parameter #1 ($num) of type int|float is deprecated in E:\nkutty\catalog\model\catalog\product.php on line 52
2023-12-21 5:15:37 - PHP Unknown:  round(): Passing null to parameter #1 ($num) of type int|float is deprecated in E:\nkutty\catalog\model\catalog\product.php on line 52
2023-12-21 5:15:37 - PHP Unknown:  round(): Passing null to parameter #1 ($num) of type int|float is deprecated in E:\nkutty\catalog\model\catalog\product.php on line 52
2023-12-21 5:15:37 - PHP Unknown:  round(): Passing null to parameter #1 ($num) of type int|float is deprecated in E:\nkutty\catalog\model\catalog\product.php on line 52
2023-12-21 5:15:37 - PHP Unknown:  round(): Passing null to parameter #1 ($num) of type int|float is deprecated in E:\nkutty\catalog\model\catalog\product.php on line 52
2023-12-21 5:15:38 - PHP Unknown:  round(): Passing null to parameter #1 ($num) of type int|float is deprecated in E:\nkutty\catalog\model\catalog\product.php on line 52
2023-12-21 5:15:38 - PHP Unknown:  round(): Passing null to parameter #1 ($num) of type int|float is deprecated in E:\nkutty\catalog\model\catalog\product.php on line 52
2023-12-21 5:15:38 - PHP Unknown:  round(): Passing null to parameter #1 ($num) of type int|float is deprecated in E:\nkutty\catalog\model\catalog\product.php on line 52
2023-12-21 5:15:38 - PHP Unknown:  round(): Passing null to parameter #1 ($num) of type int|float is deprecated in E:\nkutty\catalog\model\catalog\product.php on line 52
2023-12-21 5:15:38 - PHP Unknown:  round(): Passing null to parameter #1 ($num) of type int|float is deprecated in E:\nkutty\catalog\model\catalog\product.php on line 52
2023-12-21 5:15:38 - PHP Unknown:  round(): Passing null to parameter #1 ($num) of type int|float is deprecated in E:\nkutty\catalog\model\catalog\product.php on line 52
2023-12-21 5:15:38 - PHP Unknown:  round(): Passing null to parameter #1 ($num) of type int|float is deprecated in E:\nkutty\catalog\model\catalog\product.php on line 52
2023-12-21 5:15:38 - PHP Unknown:  round(): Passing null to parameter #1 ($num) of type int|float is deprecated in E:\nkutty\catalog\model\catalog\product.php on line 52
2023-12-21 5:15:38 - PHP Unknown:  round(): Passing null to parameter #1 ($num) of type int|float is deprecated in E:\nkutty\catalog\model\catalog\product.php on line 52
2023-12-21 5:15:38 - PHP Unknown:  round(): Passing null to parameter #1 ($num) of type int|float is deprecated in E:\nkutty\catalog\model\catalog\product.php on line 52
2023-12-21 5:15:38 - PHP Unknown:  round(): Passing null to parameter #1 ($num) of type int|float is deprecated in E:\nkutty\catalog\model\catalog\product.php on line 52
2023-12-21 5:15:38 - PHP Unknown:  round(): Passing null to parameter #1 ($num) of type int|float is deprecated in E:\nkutty\catalog\model\catalog\product.php on line 52
2023-12-21 5:15:38 - PHP Unknown:  round(): Passing null to parameter #1 ($num) of type int|float is deprecated in E:\nkutty\catalog\model\catalog\product.php on line 52
2023-12-21 5:15:38 - PHP Unknown:  round(): Passing null to parameter #1 ($num) of type int|float is deprecated in E:\nkutty\catalog\model\catalog\product.php on line 52
2023-12-21 5:15:38 - PHP Unknown:  round(): Passing null to parameter #1 ($num) of type int|float is deprecated in E:\nkutty\catalog\model\catalog\product.php on line 52
2023-12-21 5:15:38 - PHP Unknown:  round(): Passing null to parameter #1 ($num) of type int|float is deprecated in E:\nkutty\catalog\model\catalog\product.php on line 52
2023-12-21 5:15:38 - PHP Unknown:  round(): Passing null to parameter #1 ($num) of type int|float is deprecated in E:\nkutty\catalog\model\catalog\product.php on line 52
2023-12-21 5:15:38 - PHP Unknown:  round(): Passing null to parameter #1 ($num) of type int|float is deprecated in E:\nkutty\catalog\model\catalog\product.php on line 52
2023-12-21 5:15:38 - PHP Unknown:  round(): Passing null to parameter #1 ($num) of type int|float is deprecated in E:\nkutty\catalog\model\catalog\product.php on line 52
2023-12-21 5:15:38 - PHP Unknown:  round(): Passing null to parameter #1 ($num) of type int|float is deprecated in E:\nkutty\catalog\model\catalog\product.php on line 52
2023-12-21 5:15:38 - PHP Unknown:  round(): Passing null to parameter #1 ($num) of type int|float is deprecated in E:\nkutty\catalog\model\catalog\product.php on line 52
2023-12-21 5:15:38 - PHP Unknown:  round(): Passing null to parameter #1 ($num) of type int|float is deprecated in E:\nkutty\catalog\model\catalog\product.php on line 52
2023-12-21 5:15:38 - PHP Unknown:  round(): Passing null to parameter #1 ($num) of type int|float is deprecated in E:\nkutty\catalog\model\catalog\product.php on line 52
2023-12-24 6:24:57 - PHP Unknown:  mysqli::real_escape_string(): Passing null to parameter #1 ($string) of type string is deprecated in E:\nkutty\system\library\db\mysqli.php on line 46
2023-12-24 6:24:57 - PHP Unknown:  Automatic conversion of false to array is deprecated in E:\nkutty\catalog\controller\startup\startup.php on line 103
2023-12-24 6:24:58 - PHP Unknown:  round(): Passing null to parameter #1 ($num) of type int|float is deprecated in E:\nkutty\catalog\model\catalog\product.php on line 52
2023-12-24 6:24:58 - PHP Unknown:  round(): Passing null to parameter #1 ($num) of type int|float is deprecated in E:\nkutty\catalog\model\catalog\product.php on line 52
2023-12-24 6:24:58 - PHP Unknown:  round(): Passing null to parameter #1 ($num) of type int|float is deprecated in E:\nkutty\catalog\model\catalog\product.php on line 52
2023-12-24 6:24:58 - PHP Unknown:  round(): Passing null to parameter #1 ($num) of type int|float is deprecated in E:\nkutty\catalog\model\catalog\product.php on line 52
2023-12-24 6:24:58 - PHP Unknown:  round(): Passing null to parameter #1 ($num) of type int|float is deprecated in E:\nkutty\catalog\model\catalog\product.php on line 52
2023-12-24 6:24:58 - PHP Unknown:  round(): Passing null to parameter #1 ($num) of type int|float is deprecated in E:\nkutty\catalog\model\catalog\product.php on line 52
2023-12-24 6:24:58 - PHP Unknown:  round(): Passing null to parameter #1 ($num) of type int|float is deprecated in E:\nkutty\catalog\model\catalog\product.php on line 52
2023-12-24 6:24:58 - PHP Unknown:  round(): Passing null to parameter #1 ($num) of type int|float is deprecated in E:\nkutty\catalog\model\catalog\product.php on line 52
2023-12-24 6:24:58 - PHP Unknown:  round(): Passing null to parameter #1 ($num) of type int|float is deprecated in E:\nkutty\catalog\model\catalog\product.php on line 52
2023-12-24 6:24:58 - PHP Unknown:  round(): Passing null to parameter #1 ($num) of type int|float is deprecated in E:\nkutty\catalog\model\catalog\product.php on line 52
2023-12-24 6:24:58 - PHP Unknown:  round(): Passing null to parameter #1 ($num) of type int|float is deprecated in E:\nkutty\catalog\model\catalog\product.php on line 52
2023-12-24 6:24:58 - PHP Unknown:  round(): Passing null to parameter #1 ($num) of type int|float is deprecated in E:\nkutty\catalog\model\catalog\product.php on line 52
2023-12-24 6:24:58 - PHP Unknown:  round(): Passing null to parameter #1 ($num) of type int|float is deprecated in E:\nkutty\catalog\model\catalog\product.php on line 52
2023-12-24 6:24:58 - PHP Unknown:  round(): Passing null to parameter #1 ($num) of type int|float is deprecated in E:\nkutty\catalog\model\catalog\product.php on line 52
2023-12-24 6:24:58 - PHP Unknown:  round(): Passing null to parameter #1 ($num) of type int|float is deprecated in E:\nkutty\catalog\model\catalog\product.php on line 52
2023-12-24 6:24:58 - PHP Unknown:  round(): Passing null to parameter #1 ($num) of type int|float is deprecated in E:\nkutty\catalog\model\catalog\product.php on line 52
2023-12-24 6:24:58 - PHP Unknown:  round(): Passing null to parameter #1 ($num) of type int|float is deprecated in E:\nkutty\catalog\model\catalog\product.php on line 52
2023-12-24 6:24:58 - PHP Unknown:  round(): Passing null to parameter #1 ($num) of type int|float is deprecated in E:\nkutty\catalog\model\catalog\product.php on line 52
2023-12-24 6:24:58 - PHP Unknown:  round(): Passing null to parameter #1 ($num) of type int|float is deprecated in E:\nkutty\catalog\model\catalog\product.php on line 52
2023-12-24 6:24:58 - PHP Unknown:  round(): Passing null to parameter #1 ($num) of type int|float is deprecated in E:\nkutty\catalog\model\catalog\product.php on line 52
2023-12-24 6:24:58 - PHP Unknown:  round(): Passing null to parameter #1 ($num) of type int|float is deprecated in E:\nkutty\catalog\model\catalog\product.php on line 52
2023-12-24 6:24:58 - PHP Unknown:  round(): Passing null to parameter #1 ($num) of type int|float is deprecated in E:\nkutty\catalog\model\catalog\product.php on line 52
2023-12-24 6:24:58 - PHP Unknown:  round(): Passing null to parameter #1 ($num) of type int|float is deprecated in E:\nkutty\catalog\model\catalog\product.php on line 52
2023-12-24 6:24:58 - PHP Unknown:  round(): Passing null to parameter #1 ($num) of type int|float is deprecated in E:\nkutty\catalog\model\catalog\product.php on line 52
2023-12-24 6:24:58 - PHP Unknown:  round(): Passing null to parameter #1 ($num) of type int|float is deprecated in E:\nkutty\catalog\model\catalog\product.php on line 52
2023-12-24 6:24:58 - PHP Unknown:  round(): Passing null to parameter #1 ($num) of type int|float is deprecated in E:\nkutty\catalog\model\catalog\product.php on line 52
2023-12-24 6:24:58 - PHP Unknown:  round(): Passing null to parameter #1 ($num) of type int|float is deprecated in E:\nkutty\catalog\model\catalog\product.php on line 52
2023-12-24 6:24:58 - PHP Unknown:  round(): Passing null to parameter #1 ($num) of type int|float is deprecated in E:\nkutty\catalog\model\catalog\product.php on line 52
2023-12-24 6:24:58 - PHP Unknown:  round(): Passing null to parameter #1 ($num) of type int|float is deprecated in E:\nkutty\catalog\model\catalog\product.php on line 52
2023-12-24 6:24:58 - PHP Unknown:  round(): Passing null to parameter #1 ($num) of type int|float is deprecated in E:\nkutty\catalog\model\catalog\product.php on line 52
2023-12-24 6:24:58 - PHP Unknown:  round(): Passing null to parameter #1 ($num) of type int|float is deprecated in E:\nkutty\catalog\model\catalog\product.php on line 52
2023-12-24 6:24:58 - PHP Unknown:  round(): Passing null to parameter #1 ($num) of type int|float is deprecated in E:\nkutty\catalog\model\catalog\product.php on line 52
2023-12-24 6:24:59 - PHP Unknown:  round(): Passing null to parameter #1 ($num) of type int|float is deprecated in E:\nkutty\catalog\model\catalog\product.php on line 52
2023-12-24 6:24:59 - PHP Unknown:  round(): Passing null to parameter #1 ($num) of type int|float is deprecated in E:\nkutty\catalog\model\catalog\product.php on line 52
2023-12-24 6:24:59 - PHP Unknown:  round(): Passing null to parameter #1 ($num) of type int|float is deprecated in E:\nkutty\catalog\model\catalog\product.php on line 52
2023-12-24 6:24:59 - PHP Unknown:  round(): Passing null to parameter #1 ($num) of type int|float is deprecated in E:\nkutty\catalog\model\catalog\product.php on line 52
2023-12-24 6:24:59 - PHP Unknown:  round(): Passing null to parameter #1 ($num) of type int|float is deprecated in E:\nkutty\catalog\model\catalog\product.php on line 52
2023-12-24 6:24:59 - PHP Unknown:  round(): Passing null to parameter #1 ($num) of type int|float is deprecated in E:\nkutty\catalog\model\catalog\product.php on line 52
2023-12-24 6:24:59 - PHP Unknown:  round(): Passing null to parameter #1 ($num) of type int|float is deprecated in E:\nkutty\catalog\model\catalog\product.php on line 52
2023-12-24 6:24:59 - PHP Unknown:  round(): Passing null to parameter #1 ($num) of type int|float is deprecated in E:\nkutty\catalog\model\catalog\product.php on line 52
2023-12-24 6:24:59 - PHP Unknown:  round(): Passing null to parameter #1 ($num) of type int|float is deprecated in E:\nkutty\catalog\model\catalog\product.php on line 52
2023-12-24 6:24:59 - PHP Unknown:  round(): Passing null to parameter #1 ($num) of type int|float is deprecated in E:\nkutty\catalog\model\catalog\product.php on line 52
2023-12-24 6:24:59 - PHP Unknown:  round(): Passing null to parameter #1 ($num) of type int|float is deprecated in E:\nkutty\catalog\model\catalog\product.php on line 52
2023-12-24 6:24:59 - PHP Unknown:  round(): Passing null to parameter #1 ($num) of type int|float is deprecated in E:\nkutty\catalog\model\catalog\product.php on line 52
2023-12-24 6:24:59 - PHP Unknown:  round(): Passing null to parameter #1 ($num) of type int|float is deprecated in E:\nkutty\catalog\model\catalog\product.php on line 52
2023-12-24 6:24:59 - PHP Unknown:  round(): Passing null to parameter #1 ($num) of type int|float is deprecated in E:\nkutty\catalog\model\catalog\product.php on line 52
2023-12-24 6:24:59 - PHP Unknown:  round(): Passing null to parameter #1 ($num) of type int|float is deprecated in E:\nkutty\catalog\model\catalog\product.php on line 52
2023-12-24 6:24:59 - PHP Unknown:  round(): Passing null to parameter #1 ($num) of type int|float is deprecated in E:\nkutty\catalog\model\catalog\product.php on line 52
2023-12-24 6:24:59 - PHP Unknown:  round(): Passing null to parameter #1 ($num) of type int|float is deprecated in E:\nkutty\catalog\model\catalog\product.php on line 52
2023-12-24 6:24:59 - PHP Unknown:  round(): Passing null to parameter #1 ($num) of type int|float is deprecated in E:\nkutty\catalog\model\catalog\product.php on line 52
2023-12-24 6:24:59 - PHP Unknown:  round(): Passing null to parameter #1 ($num) of type int|float is deprecated in E:\nkutty\catalog\model\catalog\product.php on line 52
2023-12-24 6:24:59 - PHP Unknown:  round(): Passing null to parameter #1 ($num) of type int|float is deprecated in E:\nkutty\catalog\model\catalog\product.php on line 52
2023-12-24 6:24:59 - PHP Unknown:  round(): Passing null to parameter #1 ($num) of type int|float is deprecated in E:\nkutty\catalog\model\catalog\product.php on line 52
2023-12-24 6:24:59 - PHP Unknown:  round(): Passing null to parameter #1 ($num) of type int|float is deprecated in E:\nkutty\catalog\model\catalog\product.php on line 52
2023-12-24 6:24:59 - PHP Unknown:  round(): Passing null to parameter #1 ($num) of type int|float is deprecated in E:\nkutty\catalog\model\catalog\product.php on line 52
2023-12-24 6:25:27 - PHP Unknown:  mysqli::real_escape_string(): Passing null to parameter #1 ($string) of type string is deprecated in E:\nkutty\system\library\db\mysqli.php on line 46
2023-12-24 6:25:28 - PHP Unknown:  round(): Passing null to parameter #1 ($num) of type int|float is deprecated in E:\nkutty\catalog\model\catalog\product.php on line 52
2023-12-24 6:25:28 - PHP Unknown:  round(): Passing null to parameter #1 ($num) of type int|float is deprecated in E:\nkutty\catalog\model\catalog\product.php on line 52
2023-12-24 6:25:28 - PHP Unknown:  round(): Passing null to parameter #1 ($num) of type int|float is deprecated in E:\nkutty\catalog\model\catalog\product.php on line 52
2023-12-24 6:25:28 - PHP Unknown:  round(): Passing null to parameter #1 ($num) of type int|float is deprecated in E:\nkutty\catalog\model\catalog\product.php on line 52
2023-12-24 6:25:29 - PHP Unknown:  Return type of Twig\Node\Node::count() should either be compatible with Countable::count(): int, or the #[\ReturnTypeWillChange] attribute should be used to temporarily suppress the notice in E:\nkutty\storage\vendor\twig\twig\src\Node\Node.php on line 161
2023-12-24 6:25:29 - PHP Unknown:  Return type of Twig\Node\Node::getIterator() should either be compatible with IteratorAggregate::getIterator(): Traversable, or the #[\ReturnTypeWillChange] attribute should be used to temporarily suppress the notice in E:\nkutty\storage\vendor\twig\twig\src\Node\Node.php on line 166
2023-12-24 6:25:31 - PHP Unknown:  mysqli::real_escape_string(): Passing null to parameter #1 ($string) of type string is deprecated in E:\nkutty\system\library\db\mysqli.php on line 46
2023-12-24 6:25:31 - PHP Unknown:  Return type of Twig\Node\Node::count() should either be compatible with Countable::count(): int, or the #[\ReturnTypeWillChange] attribute should be used to temporarily suppress the notice in E:\nkutty\storage\vendor\twig\twig\src\Node\Node.php on line 161
2023-12-24 6:25:31 - PHP Unknown:  Return type of Twig\Node\Node::getIterator() should either be compatible with IteratorAggregate::getIterator(): Traversable, or the #[\ReturnTypeWillChange] attribute should be used to temporarily suppress the notice in E:\nkutty\storage\vendor\twig\twig\src\Node\Node.php on line 166
2023-12-27 6:43:26 - PHP Unknown:  mysqli::real_escape_string(): Passing null to parameter #1 ($string) of type string is deprecated in E:\nkutty\system\library\db\mysqli.php on line 46
2023-12-27 6:43:26 - PHP Unknown:  Automatic conversion of false to array is deprecated in E:\nkutty\catalog\controller\startup\startup.php on line 103
2023-12-27 6:43:26 - PHP Unknown:  round(): Passing null to parameter #1 ($num) of type int|float is deprecated in E:\nkutty\catalog\model\catalog\product.php on line 52
2023-12-27 6:43:26 - PHP Unknown:  round(): Passing null to parameter #1 ($num) of type int|float is deprecated in E:\nkutty\catalog\model\catalog\product.php on line 52
2023-12-27 6:43:26 - PHP Unknown:  round(): Passing null to parameter #1 ($num) of type int|float is deprecated in E:\nkutty\catalog\model\catalog\product.php on line 52
2023-12-27 6:43:26 - PHP Unknown:  round(): Passing null to parameter #1 ($num) of type int|float is deprecated in E:\nkutty\catalog\model\catalog\product.php on line 52
2023-12-27 6:43:26 - PHP Unknown:  round(): Passing null to parameter #1 ($num) of type int|float is deprecated in E:\nkutty\catalog\model\catalog\product.php on line 52
2023-12-27 6:43:26 - PHP Unknown:  round(): Passing null to parameter #1 ($num) of type int|float is deprecated in E:\nkutty\catalog\model\catalog\product.php on line 52
2023-12-27 6:43:26 - PHP Unknown:  round(): Passing null to parameter #1 ($num) of type int|float is deprecated in E:\nkutty\catalog\model\catalog\product.php on line 52
2023-12-27 6:43:26 - PHP Unknown:  round(): Passing null to parameter #1 ($num) of type int|float is deprecated in E:\nkutty\catalog\model\catalog\product.php on line 52
2023-12-27 6:43:26 - PHP Unknown:  round(): Passing null to parameter #1 ($num) of type int|float is deprecated in E:\nkutty\catalog\model\catalog\product.php on line 52
2023-12-27 6:43:26 - PHP Unknown:  round(): Passing null to parameter #1 ($num) of type int|float is deprecated in E:\nkutty\catalog\model\catalog\product.php on line 52
2023-12-27 6:43:26 - PHP Unknown:  round(): Passing null to parameter #1 ($num) of type int|float is deprecated in E:\nkutty\catalog\model\catalog\product.php on line 52
2023-12-27 6:43:26 - PHP Unknown:  round(): Passing null to parameter #1 ($num) of type int|float is deprecated in E:\nkutty\catalog\model\catalog\product.php on line 52
2023-12-27 6:43:26 - PHP Unknown:  round(): Passing null to parameter #1 ($num) of type int|float is deprecated in E:\nkutty\catalog\model\catalog\product.php on line 52
2023-12-27 6:43:26 - PHP Unknown:  round(): Passing null to parameter #1 ($num) of type int|float is deprecated in E:\nkutty\catalog\model\catalog\product.php on line 52
2023-12-27 6:43:26 - PHP Unknown:  round(): Passing null to parameter #1 ($num) of type int|float is deprecated in E:\nkutty\catalog\model\catalog\product.php on line 52
2023-12-27 6:43:26 - PHP Unknown:  round(): Passing null to parameter #1 ($num) of type int|float is deprecated in E:\nkutty\catalog\model\catalog\product.php on line 52
2023-12-27 6:43:26 - PHP Unknown:  round(): Passing null to parameter #1 ($num) of type int|float is deprecated in E:\nkutty\catalog\model\catalog\product.php on line 52
2023-12-27 6:43:26 - PHP Unknown:  round(): Passing null to parameter #1 ($num) of type int|float is deprecated in E:\nkutty\catalog\model\catalog\product.php on line 52
2023-12-27 6:43:26 - PHP Unknown:  round(): Passing null to parameter #1 ($num) of type int|float is deprecated in E:\nkutty\catalog\model\catalog\product.php on line 52
2023-12-27 6:43:26 - PHP Unknown:  round(): Passing null to parameter #1 ($num) of type int|float is deprecated in E:\nkutty\catalog\model\catalog\product.php on line 52
2023-12-27 6:43:26 - PHP Unknown:  round(): Passing null to parameter #1 ($num) of type int|float is deprecated in E:\nkutty\catalog\model\catalog\product.php on line 52
2023-12-27 6:43:26 - PHP Unknown:  round(): Passing null to parameter #1 ($num) of type int|float is deprecated in E:\nkutty\catalog\model\catalog\product.php on line 52
2023-12-27 6:43:26 - PHP Unknown:  round(): Passing null to parameter #1 ($num) of type int|float is deprecated in E:\nkutty\catalog\model\catalog\product.php on line 52
2023-12-27 6:43:26 - PHP Unknown:  round(): Passing null to parameter #1 ($num) of type int|float is deprecated in E:\nkutty\catalog\model\catalog\product.php on line 52
2023-12-27 6:43:26 - PHP Unknown:  round(): Passing null to parameter #1 ($num) of type int|float is deprecated in E:\nkutty\catalog\model\catalog\product.php on line 52
2023-12-27 6:43:26 - PHP Unknown:  round(): Passing null to parameter #1 ($num) of type int|float is deprecated in E:\nkutty\catalog\model\catalog\product.php on line 52
2023-12-27 6:43:26 - PHP Unknown:  round(): Passing null to parameter #1 ($num) of type int|float is deprecated in E:\nkutty\catalog\model\catalog\product.php on line 52
2023-12-27 6:43:26 - PHP Unknown:  round(): Passing null to parameter #1 ($num) of type int|float is deprecated in E:\nkutty\catalog\model\catalog\product.php on line 52
2023-12-27 6:43:26 - PHP Unknown:  round(): Passing null to parameter #1 ($num) of type int|float is deprecated in E:\nkutty\catalog\model\catalog\product.php on line 52
2023-12-27 6:43:26 - PHP Unknown:  round(): Passing null to parameter #1 ($num) of type int|float is deprecated in E:\nkutty\catalog\model\catalog\product.php on line 52
2023-12-27 6:43:26 - PHP Unknown:  round(): Passing null to parameter #1 ($num) of type int|float is deprecated in E:\nkutty\catalog\model\catalog\product.php on line 52
2023-12-27 6:43:26 - PHP Unknown:  round(): Passing null to parameter #1 ($num) of type int|float is deprecated in E:\nkutty\catalog\model\catalog\product.php on line 52
2023-12-27 6:43:26 - PHP Unknown:  round(): Passing null to parameter #1 ($num) of type int|float is deprecated in E:\nkutty\catalog\model\catalog\product.php on line 52
2023-12-27 6:43:26 - PHP Unknown:  round(): Passing null to parameter #1 ($num) of type int|float is deprecated in E:\nkutty\catalog\model\catalog\product.php on line 52
2023-12-27 6:43:26 - PHP Unknown:  round(): Passing null to parameter #1 ($num) of type int|float is deprecated in E:\nkutty\catalog\model\catalog\product.php on line 52
2023-12-27 6:43:26 - PHP Unknown:  round(): Passing null to parameter #1 ($num) of type int|float is deprecated in E:\nkutty\catalog\model\catalog\product.php on line 52
2023-12-27 6:43:26 - PHP Unknown:  round(): Passing null to parameter #1 ($num) of type int|float is deprecated in E:\nkutty\catalog\model\catalog\product.php on line 52
2023-12-27 6:43:26 - PHP Unknown:  round(): Passing null to parameter #1 ($num) of type int|float is deprecated in E:\nkutty\catalog\model\catalog\product.php on line 52
2023-12-27 6:43:26 - PHP Unknown:  round(): Passing null to parameter #1 ($num) of type int|float is deprecated in E:\nkutty\catalog\model\catalog\product.php on line 52
2023-12-27 6:43:26 - PHP Unknown:  round(): Passing null to parameter #1 ($num) of type int|float is deprecated in E:\nkutty\catalog\model\catalog\product.php on line 52
2023-12-27 6:43:26 - PHP Unknown:  round(): Passing null to parameter #1 ($num) of type int|float is deprecated in E:\nkutty\catalog\model\catalog\product.php on line 52
2023-12-27 6:43:26 - PHP Unknown:  round(): Passing null to parameter #1 ($num) of type int|float is deprecated in E:\nkutty\catalog\model\catalog\product.php on line 52
2023-12-27 6:43:26 - PHP Unknown:  round(): Passing null to parameter #1 ($num) of type int|float is deprecated in E:\nkutty\catalog\model\catalog\product.php on line 52
2023-12-27 6:43:26 - PHP Unknown:  round(): Passing null to parameter #1 ($num) of type int|float is deprecated in E:\nkutty\catalog\model\catalog\product.php on line 52
2023-12-27 6:43:26 - PHP Unknown:  round(): Passing null to parameter #1 ($num) of type int|float is deprecated in E:\nkutty\catalog\model\catalog\product.php on line 52
2023-12-27 6:43:26 - PHP Unknown:  round(): Passing null to parameter #1 ($num) of type int|float is deprecated in E:\nkutty\catalog\model\catalog\product.php on line 52
2023-12-27 6:43:26 - PHP Unknown:  round(): Passing null to parameter #1 ($num) of type int|float is deprecated in E:\nkutty\catalog\model\catalog\product.php on line 52
2023-12-27 6:43:26 - PHP Unknown:  round(): Passing null to parameter #1 ($num) of type int|float is deprecated in E:\nkutty\catalog\model\catalog\product.php on line 52
2023-12-27 6:43:26 - PHP Unknown:  round(): Passing null to parameter #1 ($num) of type int|float is deprecated in E:\nkutty\catalog\model\catalog\product.php on line 52
2023-12-27 6:43:26 - PHP Unknown:  round(): Passing null to parameter #1 ($num) of type int|float is deprecated in E:\nkutty\catalog\model\catalog\product.php on line 52
2023-12-27 6:43:26 - PHP Unknown:  round(): Passing null to parameter #1 ($num) of type int|float is deprecated in E:\nkutty\catalog\model\catalog\product.php on line 52
2023-12-27 6:43:26 - PHP Unknown:  round(): Passing null to parameter #1 ($num) of type int|float is deprecated in E:\nkutty\catalog\model\catalog\product.php on line 52
2023-12-27 6:43:26 - PHP Unknown:  round(): Passing null to parameter #1 ($num) of type int|float is deprecated in E:\nkutty\catalog\model\catalog\product.php on line 52
2023-12-27 6:43:26 - PHP Unknown:  round(): Passing null to parameter #1 ($num) of type int|float is deprecated in E:\nkutty\catalog\model\catalog\product.php on line 52
2023-12-27 6:43:26 - PHP Unknown:  round(): Passing null to parameter #1 ($num) of type int|float is deprecated in E:\nkutty\catalog\model\catalog\product.php on line 52
2023-12-27 11:59:46 - PHP Unknown:  mysqli::real_escape_string(): Passing null to parameter #1 ($string) of type string is deprecated in E:\nkutty\system\library\db\mysqli.php on line 46
2023-12-27 11:59:46 - PHP Unknown:  Automatic conversion of false to array is deprecated in E:\nkutty\catalog\controller\startup\startup.php on line 103
2023-12-27 11:59:46 - PHP Unknown:  round(): Passing null to parameter #1 ($num) of type int|float is deprecated in E:\nkutty\catalog\model\catalog\product.php on line 52
2023-12-27 11:59:46 - PHP Unknown:  round(): Passing null to parameter #1 ($num) of type int|float is deprecated in E:\nkutty\catalog\model\catalog\product.php on line 52
2023-12-27 11:59:46 - PHP Unknown:  round(): Passing null to parameter #1 ($num) of type int|float is deprecated in E:\nkutty\catalog\model\catalog\product.php on line 52
2023-12-27 11:59:46 - PHP Unknown:  round(): Passing null to parameter #1 ($num) of type int|float is deprecated in E:\nkutty\catalog\model\catalog\product.php on line 52
2023-12-27 11:59:46 - PHP Unknown:  round(): Passing null to parameter #1 ($num) of type int|float is deprecated in E:\nkutty\catalog\model\catalog\product.php on line 52
2023-12-27 11:59:46 - PHP Unknown:  round(): Passing null to parameter #1 ($num) of type int|float is deprecated in E:\nkutty\catalog\model\catalog\product.php on line 52
2023-12-27 11:59:46 - PHP Unknown:  round(): Passing null to parameter #1 ($num) of type int|float is deprecated in E:\nkutty\catalog\model\catalog\product.php on line 52
2023-12-27 11:59:46 - PHP Unknown:  round(): Passing null to parameter #1 ($num) of type int|float is deprecated in E:\nkutty\catalog\model\catalog\product.php on line 52
2023-12-27 11:59:46 - PHP Unknown:  round(): Passing null to parameter #1 ($num) of type int|float is deprecated in E:\nkutty\catalog\model\catalog\product.php on line 52
2023-12-27 11:59:46 - PHP Unknown:  round(): Passing null to parameter #1 ($num) of type int|float is deprecated in E:\nkutty\catalog\model\catalog\product.php on line 52
2023-12-27 11:59:46 - PHP Unknown:  round(): Passing null to parameter #1 ($num) of type int|float is deprecated in E:\nkutty\catalog\model\catalog\product.php on line 52
2023-12-27 11:59:46 - PHP Unknown:  round(): Passing null to parameter #1 ($num) of type int|float is deprecated in E:\nkutty\catalog\model\catalog\product.php on line 52
2023-12-27 11:59:46 - PHP Unknown:  round(): Passing null to parameter #1 ($num) of type int|float is deprecated in E:\nkutty\catalog\model\catalog\product.php on line 52
2023-12-27 11:59:46 - PHP Unknown:  round(): Passing null to parameter #1 ($num) of type int|float is deprecated in E:\nkutty\catalog\model\catalog\product.php on line 52
2023-12-27 11:59:46 - PHP Unknown:  round(): Passing null to parameter #1 ($num) of type int|float is deprecated in E:\nkutty\catalog\model\catalog\product.php on line 52
2023-12-27 11:59:46 - PHP Unknown:  round(): Passing null to parameter #1 ($num) of type int|float is deprecated in E:\nkutty\catalog\model\catalog\product.php on line 52
2023-12-27 11:59:46 - PHP Unknown:  round(): Passing null to parameter #1 ($num) of type int|float is deprecated in E:\nkutty\catalog\model\catalog\product.php on line 52
2023-12-27 11:59:46 - PHP Unknown:  round(): Passing null to parameter #1 ($num) of type int|float is deprecated in E:\nkutty\catalog\model\catalog\product.php on line 52
2023-12-27 11:59:46 - PHP Unknown:  round(): Passing null to parameter #1 ($num) of type int|float is deprecated in E:\nkutty\catalog\model\catalog\product.php on line 52
2023-12-27 11:59:46 - PHP Unknown:  round(): Passing null to parameter #1 ($num) of type int|float is deprecated in E:\nkutty\catalog\model\catalog\product.php on line 52
2023-12-27 11:59:46 - PHP Unknown:  round(): Passing null to parameter #1 ($num) of type int|float is deprecated in E:\nkutty\catalog\model\catalog\product.php on line 52
2023-12-27 11:59:46 - PHP Unknown:  round(): Passing null to parameter #1 ($num) of type int|float is deprecated in E:\nkutty\catalog\model\catalog\product.php on line 52
2023-12-27 11:59:46 - PHP Unknown:  round(): Passing null to parameter #1 ($num) of type int|float is deprecated in E:\nkutty\catalog\model\catalog\product.php on line 52
2023-12-27 11:59:46 - PHP Unknown:  round(): Passing null to parameter #1 ($num) of type int|float is deprecated in E:\nkutty\catalog\model\catalog\product.php on line 52
2023-12-27 11:59:46 - PHP Unknown:  round(): Passing null to parameter #1 ($num) of type int|float is deprecated in E:\nkutty\catalog\model\catalog\product.php on line 52
2023-12-27 11:59:46 - PHP Unknown:  round(): Passing null to parameter #1 ($num) of type int|float is deprecated in E:\nkutty\catalog\model\catalog\product.php on line 52
2023-12-27 11:59:46 - PHP Unknown:  round(): Passing null to parameter #1 ($num) of type int|float is deprecated in E:\nkutty\catalog\model\catalog\product.php on line 52
2023-12-27 11:59:46 - PHP Unknown:  round(): Passing null to parameter #1 ($num) of type int|float is deprecated in E:\nkutty\catalog\model\catalog\product.php on line 52
2023-12-27 11:59:46 - PHP Unknown:  round(): Passing null to parameter #1 ($num) of type int|float is deprecated in E:\nkutty\catalog\model\catalog\product.php on line 52
2023-12-27 11:59:46 - PHP Unknown:  round(): Passing null to parameter #1 ($num) of type int|float is deprecated in E:\nkutty\catalog\model\catalog\product.php on line 52
2023-12-27 11:59:46 - PHP Unknown:  round(): Passing null to parameter #1 ($num) of type int|float is deprecated in E:\nkutty\catalog\model\catalog\product.php on line 52
2023-12-27 11:59:46 - PHP Unknown:  round(): Passing null to parameter #1 ($num) of type int|float is deprecated in E:\nkutty\catalog\model\catalog\product.php on line 52
2023-12-27 11:59:46 - PHP Unknown:  round(): Passing null to parameter #1 ($num) of type int|float is deprecated in E:\nkutty\catalog\model\catalog\product.php on line 52
2023-12-27 11:59:46 - PHP Unknown:  round(): Passing null to parameter #1 ($num) of type int|float is deprecated in E:\nkutty\catalog\model\catalog\product.php on line 52
2023-12-27 11:59:46 - PHP Unknown:  round(): Passing null to parameter #1 ($num) of type int|float is deprecated in E:\nkutty\catalog\model\catalog\product.php on line 52
2023-12-27 11:59:46 - PHP Unknown:  round(): Passing null to parameter #1 ($num) of type int|float is deprecated in E:\nkutty\catalog\model\catalog\product.php on line 52
2023-12-27 11:59:46 - PHP Unknown:  round(): Passing null to parameter #1 ($num) of type int|float is deprecated in E:\nkutty\catalog\model\catalog\product.php on line 52
2023-12-27 11:59:46 - PHP Unknown:  round(): Passing null to parameter #1 ($num) of type int|float is deprecated in E:\nkutty\catalog\model\catalog\product.php on line 52
2023-12-27 11:59:46 - PHP Unknown:  round(): Passing null to parameter #1 ($num) of type int|float is deprecated in E:\nkutty\catalog\model\catalog\product.php on line 52
2023-12-27 11:59:46 - PHP Unknown:  round(): Passing null to parameter #1 ($num) of type int|float is deprecated in E:\nkutty\catalog\model\catalog\product.php on line 52
2023-12-27 11:59:46 - PHP Unknown:  round(): Passing null to parameter #1 ($num) of type int|float is deprecated in E:\nkutty\catalog\model\catalog\product.php on line 52
2023-12-27 11:59:46 - PHP Unknown:  round(): Passing null to parameter #1 ($num) of type int|float is deprecated in E:\nkutty\catalog\model\catalog\product.php on line 52
2023-12-27 11:59:46 - PHP Unknown:  round(): Passing null to parameter #1 ($num) of type int|float is deprecated in E:\nkutty\catalog\model\catalog\product.php on line 52
2023-12-27 11:59:46 - PHP Unknown:  round(): Passing null to parameter #1 ($num) of type int|float is deprecated in E:\nkutty\catalog\model\catalog\product.php on line 52
2023-12-27 11:59:46 - PHP Unknown:  round(): Passing null to parameter #1 ($num) of type int|float is deprecated in E:\nkutty\catalog\model\catalog\product.php on line 52
2023-12-27 11:59:46 - PHP Unknown:  round(): Passing null to parameter #1 ($num) of type int|float is deprecated in E:\nkutty\catalog\model\catalog\product.php on line 52
2023-12-27 11:59:46 - PHP Unknown:  round(): Passing null to parameter #1 ($num) of type int|float is deprecated in E:\nkutty\catalog\model\catalog\product.php on line 52
2023-12-27 11:59:46 - PHP Unknown:  round(): Passing null to parameter #1 ($num) of type int|float is deprecated in E:\nkutty\catalog\model\catalog\product.php on line 52
2023-12-27 11:59:46 - PHP Unknown:  round(): Passing null to parameter #1 ($num) of type int|float is deprecated in E:\nkutty\catalog\model\catalog\product.php on line 52
2023-12-27 11:59:46 - PHP Unknown:  round(): Passing null to parameter #1 ($num) of type int|float is deprecated in E:\nkutty\catalog\model\catalog\product.php on line 52
2023-12-27 11:59:46 - PHP Unknown:  round(): Passing null to parameter #1 ($num) of type int|float is deprecated in E:\nkutty\catalog\model\catalog\product.php on line 52
2023-12-27 11:59:46 - PHP Unknown:  round(): Passing null to parameter #1 ($num) of type int|float is deprecated in E:\nkutty\catalog\model\catalog\product.php on line 52
2023-12-27 11:59:46 - PHP Unknown:  round(): Passing null to parameter #1 ($num) of type int|float is deprecated in E:\nkutty\catalog\model\catalog\product.php on line 52
2023-12-27 11:59:46 - PHP Unknown:  round(): Passing null to parameter #1 ($num) of type int|float is deprecated in E:\nkutty\catalog\model\catalog\product.php on line 52
2023-12-27 11:59:46 - PHP Unknown:  round(): Passing null to parameter #1 ($num) of type int|float is deprecated in E:\nkutty\catalog\model\catalog\product.php on line 52
2023-12-30 5:00:09 - PHP Unknown:  mysqli::real_escape_string(): Passing null to parameter #1 ($string) of type string is deprecated in E:\nkutty\system\library\db\mysqli.php on line 46
2023-12-30 5:00:09 - PHP Unknown:  Automatic conversion of false to array is deprecated in E:\nkutty\catalog\controller\startup\startup.php on line 103
2023-12-30 5:00:11 - PHP Unknown:  round(): Passing null to parameter #1 ($num) of type int|float is deprecated in E:\nkutty\catalog\model\catalog\product.php on line 52
2023-12-30 5:00:11 - PHP Unknown:  round(): Passing null to parameter #1 ($num) of type int|float is deprecated in E:\nkutty\catalog\model\catalog\product.php on line 52
2023-12-30 5:00:11 - PHP Unknown:  round(): Passing null to parameter #1 ($num) of type int|float is deprecated in E:\nkutty\catalog\model\catalog\product.php on line 52
2023-12-30 5:00:11 - PHP Unknown:  round(): Passing null to parameter #1 ($num) of type int|float is deprecated in E:\nkutty\catalog\model\catalog\product.php on line 52
2023-12-30 5:00:11 - PHP Unknown:  round(): Passing null to parameter #1 ($num) of type int|float is deprecated in E:\nkutty\catalog\model\catalog\product.php on line 52
2023-12-30 5:00:11 - PHP Unknown:  round(): Passing null to parameter #1 ($num) of type int|float is deprecated in E:\nkutty\catalog\model\catalog\product.php on line 52
2023-12-30 5:00:11 - PHP Unknown:  round(): Passing null to parameter #1 ($num) of type int|float is deprecated in E:\nkutty\catalog\model\catalog\product.php on line 52
2023-12-30 5:00:11 - PHP Unknown:  round(): Passing null to parameter #1 ($num) of type int|float is deprecated in E:\nkutty\catalog\model\catalog\product.php on line 52
2023-12-30 5:00:11 - PHP Unknown:  round(): Passing null to parameter #1 ($num) of type int|float is deprecated in E:\nkutty\catalog\model\catalog\product.php on line 52
2023-12-30 5:00:11 - PHP Unknown:  round(): Passing null to parameter #1 ($num) of type int|float is deprecated in E:\nkutty\catalog\model\catalog\product.php on line 52
2023-12-30 5:00:11 - PHP Unknown:  round(): Passing null to parameter #1 ($num) of type int|float is deprecated in E:\nkutty\catalog\model\catalog\product.php on line 52
2023-12-30 5:00:11 - PHP Unknown:  round(): Passing null to parameter #1 ($num) of type int|float is deprecated in E:\nkutty\catalog\model\catalog\product.php on line 52
2023-12-30 5:00:11 - PHP Unknown:  round(): Passing null to parameter #1 ($num) of type int|float is deprecated in E:\nkutty\catalog\model\catalog\product.php on line 52
2023-12-30 5:00:11 - PHP Unknown:  round(): Passing null to parameter #1 ($num) of type int|float is deprecated in E:\nkutty\catalog\model\catalog\product.php on line 52
2023-12-30 5:00:11 - PHP Unknown:  round(): Passing null to parameter #1 ($num) of type int|float is deprecated in E:\nkutty\catalog\model\catalog\product.php on line 52
2023-12-30 5:00:11 - PHP Unknown:  round(): Passing null to parameter #1 ($num) of type int|float is deprecated in E:\nkutty\catalog\model\catalog\product.php on line 52
2023-12-30 5:00:11 - PHP Unknown:  round(): Passing null to parameter #1 ($num) of type int|float is deprecated in E:\nkutty\catalog\model\catalog\product.php on line 52
2023-12-30 5:00:11 - PHP Unknown:  round(): Passing null to parameter #1 ($num) of type int|float is deprecated in E:\nkutty\catalog\model\catalog\product.php on line 52
2023-12-30 5:00:11 - PHP Unknown:  round(): Passing null to parameter #1 ($num) of type int|float is deprecated in E:\nkutty\catalog\model\catalog\product.php on line 52
2023-12-30 5:00:11 - PHP Unknown:  round(): Passing null to parameter #1 ($num) of type int|float is deprecated in E:\nkutty\catalog\model\catalog\product.php on line 52
2023-12-30 5:00:11 - PHP Unknown:  round(): Passing null to parameter #1 ($num) of type int|float is deprecated in E:\nkutty\catalog\model\catalog\product.php on line 52
2023-12-30 5:00:11 - PHP Unknown:  round(): Passing null to parameter #1 ($num) of type int|float is deprecated in E:\nkutty\catalog\model\catalog\product.php on line 52
2023-12-30 5:00:11 - PHP Unknown:  round(): Passing null to parameter #1 ($num) of type int|float is deprecated in E:\nkutty\catalog\model\catalog\product.php on line 52
2023-12-30 5:00:11 - PHP Unknown:  round(): Passing null to parameter #1 ($num) of type int|float is deprecated in E:\nkutty\catalog\model\catalog\product.php on line 52
2023-12-30 5:00:11 - PHP Unknown:  round(): Passing null to parameter #1 ($num) of type int|float is deprecated in E:\nkutty\catalog\model\catalog\product.php on line 52
2023-12-30 5:00:11 - PHP Unknown:  round(): Passing null to parameter #1 ($num) of type int|float is deprecated in E:\nkutty\catalog\model\catalog\product.php on line 52
2023-12-30 5:00:11 - PHP Unknown:  round(): Passing null to parameter #1 ($num) of type int|float is deprecated in E:\nkutty\catalog\model\catalog\product.php on line 52
2023-12-30 5:00:11 - PHP Unknown:  round(): Passing null to parameter #1 ($num) of type int|float is deprecated in E:\nkutty\catalog\model\catalog\product.php on line 52
2023-12-30 5:00:11 - PHP Unknown:  round(): Passing null to parameter #1 ($num) of type int|float is deprecated in E:\nkutty\catalog\model\catalog\product.php on line 52
2023-12-30 5:00:11 - PHP Unknown:  round(): Passing null to parameter #1 ($num) of type int|float is deprecated in E:\nkutty\catalog\model\catalog\product.php on line 52
2023-12-30 5:00:11 - PHP Unknown:  round(): Passing null to parameter #1 ($num) of type int|float is deprecated in E:\nkutty\catalog\model\catalog\product.php on line 52
2023-12-30 5:00:11 - PHP Unknown:  round(): Passing null to parameter #1 ($num) of type int|float is deprecated in E:\nkutty\catalog\model\catalog\product.php on line 52
2023-12-30 5:00:11 - PHP Unknown:  round(): Passing null to parameter #1 ($num) of type int|float is deprecated in E:\nkutty\catalog\model\catalog\product.php on line 52
2023-12-30 5:00:11 - PHP Unknown:  round(): Passing null to parameter #1 ($num) of type int|float is deprecated in E:\nkutty\catalog\model\catalog\product.php on line 52
2023-12-30 5:00:11 - PHP Unknown:  round(): Passing null to parameter #1 ($num) of type int|float is deprecated in E:\nkutty\catalog\model\catalog\product.php on line 52
2023-12-30 5:00:11 - PHP Unknown:  round(): Passing null to parameter #1 ($num) of type int|float is deprecated in E:\nkutty\catalog\model\catalog\product.php on line 52
2023-12-30 5:00:11 - PHP Unknown:  round(): Passing null to parameter #1 ($num) of type int|float is deprecated in E:\nkutty\catalog\model\catalog\product.php on line 52
2023-12-30 5:00:11 - PHP Unknown:  round(): Passing null to parameter #1 ($num) of type int|float is deprecated in E:\nkutty\catalog\model\catalog\product.php on line 52
2023-12-30 5:00:11 - PHP Unknown:  round(): Passing null to parameter #1 ($num) of type int|float is deprecated in E:\nkutty\catalog\model\catalog\product.php on line 52
2023-12-30 5:00:11 - PHP Unknown:  round(): Passing null to parameter #1 ($num) of type int|float is deprecated in E:\nkutty\catalog\model\catalog\product.php on line 52
2023-12-30 5:00:11 - PHP Unknown:  round(): Passing null to parameter #1 ($num) of type int|float is deprecated in E:\nkutty\catalog\model\catalog\product.php on line 52
2023-12-30 5:00:11 - PHP Unknown:  round(): Passing null to parameter #1 ($num) of type int|float is deprecated in E:\nkutty\catalog\model\catalog\product.php on line 52
2023-12-30 5:00:11 - PHP Unknown:  round(): Passing null to parameter #1 ($num) of type int|float is deprecated in E:\nkutty\catalog\model\catalog\product.php on line 52
2023-12-30 5:00:12 - PHP Unknown:  round(): Passing null to parameter #1 ($num) of type int|float is deprecated in E:\nkutty\catalog\model\catalog\product.php on line 52
2023-12-30 5:00:12 - PHP Unknown:  round(): Passing null to parameter #1 ($num) of type int|float is deprecated in E:\nkutty\catalog\model\catalog\product.php on line 52
2023-12-30 5:00:12 - PHP Unknown:  round(): Passing null to parameter #1 ($num) of type int|float is deprecated in E:\nkutty\catalog\model\catalog\product.php on line 52
2023-12-30 5:00:12 - PHP Unknown:  round(): Passing null to parameter #1 ($num) of type int|float is deprecated in E:\nkutty\catalog\model\catalog\product.php on line 52
2023-12-30 5:00:12 - PHP Unknown:  round(): Passing null to parameter #1 ($num) of type int|float is deprecated in E:\nkutty\catalog\model\catalog\product.php on line 52
2023-12-30 5:00:12 - PHP Unknown:  round(): Passing null to parameter #1 ($num) of type int|float is deprecated in E:\nkutty\catalog\model\catalog\product.php on line 52
2023-12-30 5:00:12 - PHP Unknown:  round(): Passing null to parameter #1 ($num) of type int|float is deprecated in E:\nkutty\catalog\model\catalog\product.php on line 52
2023-12-30 5:00:12 - PHP Unknown:  round(): Passing null to parameter #1 ($num) of type int|float is deprecated in E:\nkutty\catalog\model\catalog\product.php on line 52
2023-12-30 5:00:12 - PHP Unknown:  round(): Passing null to parameter #1 ($num) of type int|float is deprecated in E:\nkutty\catalog\model\catalog\product.php on line 52
2023-12-30 5:00:12 - PHP Unknown:  round(): Passing null to parameter #1 ($num) of type int|float is deprecated in E:\nkutty\catalog\model\catalog\product.php on line 52
2023-12-30 5:00:12 - PHP Unknown:  round(): Passing null to parameter #1 ($num) of type int|float is deprecated in E:\nkutty\catalog\model\catalog\product.php on line 52
2023-12-30 5:00:12 - PHP Unknown:  round(): Passing null to parameter #1 ($num) of type int|float is deprecated in E:\nkutty\catalog\model\catalog\product.php on line 52
2024-01-02 3:57:20 - PHP Unknown:  mysqli::real_escape_string(): Passing null to parameter #1 ($string) of type string is deprecated in E:\nkutty\system\library\db\mysqli.php on line 46
2024-01-02 3:57:21 - PHP Unknown:  Automatic conversion of false to array is deprecated in E:\nkutty\catalog\controller\startup\startup.php on line 103
2024-01-02 3:57:22 - PHP Unknown:  round(): Passing null to parameter #1 ($num) of type int|float is deprecated in E:\nkutty\catalog\model\catalog\product.php on line 52
2024-01-02 3:57:22 - PHP Unknown:  round(): Passing null to parameter #1 ($num) of type int|float is deprecated in E:\nkutty\catalog\model\catalog\product.php on line 52
2024-01-02 3:57:22 - PHP Unknown:  round(): Passing null to parameter #1 ($num) of type int|float is deprecated in E:\nkutty\catalog\model\catalog\product.php on line 52
2024-01-02 3:57:22 - PHP Unknown:  round(): Passing null to parameter #1 ($num) of type int|float is deprecated in E:\nkutty\catalog\model\catalog\product.php on line 52
2024-01-02 3:57:22 - PHP Unknown:  round(): Passing null to parameter #1 ($num) of type int|float is deprecated in E:\nkutty\catalog\model\catalog\product.php on line 52
2024-01-02 3:57:22 - PHP Unknown:  round(): Passing null to parameter #1 ($num) of type int|float is deprecated in E:\nkutty\catalog\model\catalog\product.php on line 52
2024-01-02 3:57:22 - PHP Unknown:  round(): Passing null to parameter #1 ($num) of type int|float is deprecated in E:\nkutty\catalog\model\catalog\product.php on line 52
2024-01-02 3:57:22 - PHP Unknown:  round(): Passing null to parameter #1 ($num) of type int|float is deprecated in E:\nkutty\catalog\model\catalog\product.php on line 52
2024-01-02 3:57:22 - PHP Unknown:  round(): Passing null to parameter #1 ($num) of type int|float is deprecated in E:\nkutty\catalog\model\catalog\product.php on line 52
2024-01-02 3:57:22 - PHP Unknown:  round(): Passing null to parameter #1 ($num) of type int|float is deprecated in E:\nkutty\catalog\model\catalog\product.php on line 52
2024-01-02 3:57:22 - PHP Unknown:  round(): Passing null to parameter #1 ($num) of type int|float is deprecated in E:\nkutty\catalog\model\catalog\product.php on line 52
2024-01-02 3:57:22 - PHP Unknown:  round(): Passing null to parameter #1 ($num) of type int|float is deprecated in E:\nkutty\catalog\model\catalog\product.php on line 52
2024-01-02 3:57:22 - PHP Unknown:  round(): Passing null to parameter #1 ($num) of type int|float is deprecated in E:\nkutty\catalog\model\catalog\product.php on line 52
2024-01-02 3:57:22 - PHP Unknown:  round(): Passing null to parameter #1 ($num) of type int|float is deprecated in E:\nkutty\catalog\model\catalog\product.php on line 52
2024-01-02 3:57:22 - PHP Unknown:  round(): Passing null to parameter #1 ($num) of type int|float is deprecated in E:\nkutty\catalog\model\catalog\product.php on line 52
2024-01-02 3:57:22 - PHP Unknown:  round(): Passing null to parameter #1 ($num) of type int|float is deprecated in E:\nkutty\catalog\model\catalog\product.php on line 52
2024-01-02 3:57:22 - PHP Unknown:  round(): Passing null to parameter #1 ($num) of type int|float is deprecated in E:\nkutty\catalog\model\catalog\product.php on line 52
2024-01-02 3:57:22 - PHP Unknown:  round(): Passing null to parameter #1 ($num) of type int|float is deprecated in E:\nkutty\catalog\model\catalog\product.php on line 52
2024-01-02 3:57:22 - PHP Unknown:  round(): Passing null to parameter #1 ($num) of type int|float is deprecated in E:\nkutty\catalog\model\catalog\product.php on line 52
2024-01-02 3:57:22 - PHP Unknown:  round(): Passing null to parameter #1 ($num) of type int|float is deprecated in E:\nkutty\catalog\model\catalog\product.php on line 52
2024-01-02 3:57:22 - PHP Unknown:  round(): Passing null to parameter #1 ($num) of type int|float is deprecated in E:\nkutty\catalog\model\catalog\product.php on line 52
2024-01-02 3:57:22 - PHP Unknown:  round(): Passing null to parameter #1 ($num) of type int|float is deprecated in E:\nkutty\catalog\model\catalog\product.php on line 52
2024-01-02 3:57:22 - PHP Unknown:  round(): Passing null to parameter #1 ($num) of type int|float is deprecated in E:\nkutty\catalog\model\catalog\product.php on line 52
2024-01-02 3:57:22 - PHP Unknown:  round(): Passing null to parameter #1 ($num) of type int|float is deprecated in E:\nkutty\catalog\model\catalog\product.php on line 52
2024-01-02 3:57:22 - PHP Unknown:  round(): Passing null to parameter #1 ($num) of type int|float is deprecated in E:\nkutty\catalog\model\catalog\product.php on line 52
2024-01-02 3:57:22 - PHP Unknown:  round(): Passing null to parameter #1 ($num) of type int|float is deprecated in E:\nkutty\catalog\model\catalog\product.php on line 52
2024-01-02 3:57:22 - PHP Unknown:  round(): Passing null to parameter #1 ($num) of type int|float is deprecated in E:\nkutty\catalog\model\catalog\product.php on line 52
2024-01-02 3:57:22 - PHP Unknown:  round(): Passing null to parameter #1 ($num) of type int|float is deprecated in E:\nkutty\catalog\model\catalog\product.php on line 52
2024-01-02 3:57:22 - PHP Unknown:  round(): Passing null to parameter #1 ($num) of type int|float is deprecated in E:\nkutty\catalog\model\catalog\product.php on line 52
2024-01-02 3:57:22 - PHP Unknown:  round(): Passing null to parameter #1 ($num) of type int|float is deprecated in E:\nkutty\catalog\model\catalog\product.php on line 52
2024-01-02 3:57:22 - PHP Unknown:  round(): Passing null to parameter #1 ($num) of type int|float is deprecated in E:\nkutty\catalog\model\catalog\product.php on line 52
2024-01-02 3:57:22 - PHP Unknown:  round(): Passing null to parameter #1 ($num) of type int|float is deprecated in E:\nkutty\catalog\model\catalog\product.php on line 52
2024-01-02 3:57:23 - PHP Unknown:  round(): Passing null to parameter #1 ($num) of type int|float is deprecated in E:\nkutty\catalog\model\catalog\product.php on line 52
2024-01-02 3:57:23 - PHP Unknown:  round(): Passing null to parameter #1 ($num) of type int|float is deprecated in E:\nkutty\catalog\model\catalog\product.php on line 52
2024-01-02 3:57:23 - PHP Unknown:  round(): Passing null to parameter #1 ($num) of type int|float is deprecated in E:\nkutty\catalog\model\catalog\product.php on line 52
2024-01-02 3:57:23 - PHP Unknown:  round(): Passing null to parameter #1 ($num) of type int|float is deprecated in E:\nkutty\catalog\model\catalog\product.php on line 52
2024-01-02 3:57:23 - PHP Unknown:  round(): Passing null to parameter #1 ($num) of type int|float is deprecated in E:\nkutty\catalog\model\catalog\product.php on line 52
2024-01-02 3:57:23 - PHP Unknown:  round(): Passing null to parameter #1 ($num) of type int|float is deprecated in E:\nkutty\catalog\model\catalog\product.php on line 52
2024-01-02 3:57:23 - PHP Unknown:  round(): Passing null to parameter #1 ($num) of type int|float is deprecated in E:\nkutty\catalog\model\catalog\product.php on line 52
2024-01-02 3:57:23 - PHP Unknown:  round(): Passing null to parameter #1 ($num) of type int|float is deprecated in E:\nkutty\catalog\model\catalog\product.php on line 52
2024-01-02 3:57:23 - PHP Unknown:  round(): Passing null to parameter #1 ($num) of type int|float is deprecated in E:\nkutty\catalog\model\catalog\product.php on line 52
2024-01-02 3:57:23 - PHP Unknown:  round(): Passing null to parameter #1 ($num) of type int|float is deprecated in E:\nkutty\catalog\model\catalog\product.php on line 52
2024-01-02 3:57:23 - PHP Unknown:  round(): Passing null to parameter #1 ($num) of type int|float is deprecated in E:\nkutty\catalog\model\catalog\product.php on line 52
2024-01-02 3:57:23 - PHP Unknown:  round(): Passing null to parameter #1 ($num) of type int|float is deprecated in E:\nkutty\catalog\model\catalog\product.php on line 52
2024-01-02 3:57:23 - PHP Unknown:  round(): Passing null to parameter #1 ($num) of type int|float is deprecated in E:\nkutty\catalog\model\catalog\product.php on line 52
2024-01-02 3:57:23 - PHP Unknown:  round(): Passing null to parameter #1 ($num) of type int|float is deprecated in E:\nkutty\catalog\model\catalog\product.php on line 52
2024-01-02 3:57:23 - PHP Unknown:  round(): Passing null to parameter #1 ($num) of type int|float is deprecated in E:\nkutty\catalog\model\catalog\product.php on line 52
2024-01-02 3:57:23 - PHP Unknown:  round(): Passing null to parameter #1 ($num) of type int|float is deprecated in E:\nkutty\catalog\model\catalog\product.php on line 52
2024-01-02 3:57:23 - PHP Unknown:  round(): Passing null to parameter #1 ($num) of type int|float is deprecated in E:\nkutty\catalog\model\catalog\product.php on line 52
2024-01-02 3:57:23 - PHP Unknown:  round(): Passing null to parameter #1 ($num) of type int|float is deprecated in E:\nkutty\catalog\model\catalog\product.php on line 52
2024-01-02 3:57:24 - PHP Unknown:  round(): Passing null to parameter #1 ($num) of type int|float is deprecated in E:\nkutty\catalog\model\catalog\product.php on line 52
2024-01-02 3:57:24 - PHP Unknown:  round(): Passing null to parameter #1 ($num) of type int|float is deprecated in E:\nkutty\catalog\model\catalog\product.php on line 52
2024-01-02 3:57:24 - PHP Unknown:  round(): Passing null to parameter #1 ($num) of type int|float is deprecated in E:\nkutty\catalog\model\catalog\product.php on line 52
2024-01-02 3:57:24 - PHP Unknown:  round(): Passing null to parameter #1 ($num) of type int|float is deprecated in E:\nkutty\catalog\model\catalog\product.php on line 52
2024-01-02 3:57:24 - PHP Unknown:  round(): Passing null to parameter #1 ($num) of type int|float is deprecated in E:\nkutty\catalog\model\catalog\product.php on line 52
2024-01-02 9:28:20 - PHP Unknown:  mysqli::real_escape_string(): Passing null to parameter #1 ($string) of type string is deprecated in E:\nkutty\system\library\db\mysqli.php on line 46
2024-01-02 9:28:21 - PHP Unknown:  Automatic conversion of false to array is deprecated in E:\nkutty\catalog\controller\startup\startup.php on line 103
2024-01-02 9:28:22 - PHP Unknown:  round(): Passing null to parameter #1 ($num) of type int|float is deprecated in E:\nkutty\catalog\model\catalog\product.php on line 52
2024-01-02 9:28:22 - PHP Unknown:  round(): Passing null to parameter #1 ($num) of type int|float is deprecated in E:\nkutty\catalog\model\catalog\product.php on line 52
2024-01-02 9:28:22 - PHP Unknown:  round(): Passing null to parameter #1 ($num) of type int|float is deprecated in E:\nkutty\catalog\model\catalog\product.php on line 52
2024-01-02 9:28:22 - PHP Unknown:  round(): Passing null to parameter #1 ($num) of type int|float is deprecated in E:\nkutty\catalog\model\catalog\product.php on line 52
2024-01-02 9:28:22 - PHP Unknown:  round(): Passing null to parameter #1 ($num) of type int|float is deprecated in E:\nkutty\catalog\model\catalog\product.php on line 52
2024-01-02 9:28:22 - PHP Unknown:  round(): Passing null to parameter #1 ($num) of type int|float is deprecated in E:\nkutty\catalog\model\catalog\product.php on line 52
2024-01-02 9:28:22 - PHP Unknown:  round(): Passing null to parameter #1 ($num) of type int|float is deprecated in E:\nkutty\catalog\model\catalog\product.php on line 52
2024-01-02 9:28:22 - PHP Unknown:  round(): Passing null to parameter #1 ($num) of type int|float is deprecated in E:\nkutty\catalog\model\catalog\product.php on line 52
2024-01-02 9:28:22 - PHP Unknown:  round(): Passing null to parameter #1 ($num) of type int|float is deprecated in E:\nkutty\catalog\model\catalog\product.php on line 52
2024-01-02 9:28:22 - PHP Unknown:  round(): Passing null to parameter #1 ($num) of type int|float is deprecated in E:\nkutty\catalog\model\catalog\product.php on line 52
2024-01-02 9:28:22 - PHP Unknown:  round(): Passing null to parameter #1 ($num) of type int|float is deprecated in E:\nkutty\catalog\model\catalog\product.php on line 52
2024-01-02 9:28:22 - PHP Unknown:  round(): Passing null to parameter #1 ($num) of type int|float is deprecated in E:\nkutty\catalog\model\catalog\product.php on line 52
2024-01-02 9:28:22 - PHP Unknown:  round(): Passing null to parameter #1 ($num) of type int|float is deprecated in E:\nkutty\catalog\model\catalog\product.php on line 52
2024-01-02 9:28:22 - PHP Unknown:  round(): Passing null to parameter #1 ($num) of type int|float is deprecated in E:\nkutty\catalog\model\catalog\product.php on line 52
2024-01-02 9:28:22 - PHP Unknown:  round(): Passing null to parameter #1 ($num) of type int|float is deprecated in E:\nkutty\catalog\model\catalog\product.php on line 52
2024-01-02 9:28:22 - PHP Unknown:  round(): Passing null to parameter #1 ($num) of type int|float is deprecated in E:\nkutty\catalog\model\catalog\product.php on line 52
2024-01-02 9:28:22 - PHP Unknown:  round(): Passing null to parameter #1 ($num) of type int|float is deprecated in E:\nkutty\catalog\model\catalog\product.php on line 52
2024-01-02 9:28:22 - PHP Unknown:  round(): Passing null to parameter #1 ($num) of type int|float is deprecated in E:\nkutty\catalog\model\catalog\product.php on line 52
2024-01-02 9:28:22 - PHP Unknown:  round(): Passing null to parameter #1 ($num) of type int|float is deprecated in E:\nkutty\catalog\model\catalog\product.php on line 52
2024-01-02 9:28:22 - PHP Unknown:  round(): Passing null to parameter #1 ($num) of type int|float is deprecated in E:\nkutty\catalog\model\catalog\product.php on line 52
2024-01-02 9:28:22 - PHP Unknown:  round(): Passing null to parameter #1 ($num) of type int|float is deprecated in E:\nkutty\catalog\model\catalog\product.php on line 52
2024-01-02 9:28:22 - PHP Unknown:  round(): Passing null to parameter #1 ($num) of type int|float is deprecated in E:\nkutty\catalog\model\catalog\product.php on line 52
2024-01-02 9:28:22 - PHP Unknown:  round(): Passing null to parameter #1 ($num) of type int|float is deprecated in E:\nkutty\catalog\model\catalog\product.php on line 52
2024-01-02 9:28:22 - PHP Unknown:  round(): Passing null to parameter #1 ($num) of type int|float is deprecated in E:\nkutty\catalog\model\catalog\product.php on line 52
2024-01-02 9:28:22 - PHP Unknown:  round(): Passing null to parameter #1 ($num) of type int|float is deprecated in E:\nkutty\catalog\model\catalog\product.php on line 52
2024-01-02 9:28:22 - PHP Unknown:  round(): Passing null to parameter #1 ($num) of type int|float is deprecated in E:\nkutty\catalog\model\catalog\product.php on line 52
2024-01-02 9:28:22 - PHP Unknown:  round(): Passing null to parameter #1 ($num) of type int|float is deprecated in E:\nkutty\catalog\model\catalog\product.php on line 52
2024-01-02 9:28:22 - PHP Unknown:  round(): Passing null to parameter #1 ($num) of type int|float is deprecated in E:\nkutty\catalog\model\catalog\product.php on line 52
2024-01-02 9:28:22 - PHP Unknown:  round(): Passing null to parameter #1 ($num) of type int|float is deprecated in E:\nkutty\catalog\model\catalog\product.php on line 52
2024-01-02 9:28:22 - PHP Unknown:  round(): Passing null to parameter #1 ($num) of type int|float is deprecated in E:\nkutty\catalog\model\catalog\product.php on line 52
2024-01-02 9:28:22 - PHP Unknown:  round(): Passing null to parameter #1 ($num) of type int|float is deprecated in E:\nkutty\catalog\model\catalog\product.php on line 52
2024-01-02 9:28:22 - PHP Unknown:  round(): Passing null to parameter #1 ($num) of type int|float is deprecated in E:\nkutty\catalog\model\catalog\product.php on line 52
2024-01-02 9:28:22 - PHP Unknown:  round(): Passing null to parameter #1 ($num) of type int|float is deprecated in E:\nkutty\catalog\model\catalog\product.php on line 52
2024-01-02 9:28:22 - PHP Unknown:  round(): Passing null to parameter #1 ($num) of type int|float is deprecated in E:\nkutty\catalog\model\catalog\product.php on line 52
2024-01-02 9:28:22 - PHP Unknown:  round(): Passing null to parameter #1 ($num) of type int|float is deprecated in E:\nkutty\catalog\model\catalog\product.php on line 52
2024-01-02 9:28:22 - PHP Unknown:  round(): Passing null to parameter #1 ($num) of type int|float is deprecated in E:\nkutty\catalog\model\catalog\product.php on line 52
2024-01-02 9:28:22 - PHP Unknown:  round(): Passing null to parameter #1 ($num) of type int|float is deprecated in E:\nkutty\catalog\model\catalog\product.php on line 52
2024-01-02 9:28:22 - PHP Unknown:  round(): Passing null to parameter #1 ($num) of type int|float is deprecated in E:\nkutty\catalog\model\catalog\product.php on line 52
2024-01-02 9:28:22 - PHP Unknown:  round(): Passing null to parameter #1 ($num) of type int|float is deprecated in E:\nkutty\catalog\model\catalog\product.php on line 52
2024-01-02 9:28:22 - PHP Unknown:  round(): Passing null to parameter #1 ($num) of type int|float is deprecated in E:\nkutty\catalog\model\catalog\product.php on line 52
2024-01-02 9:28:22 - PHP Unknown:  round(): Passing null to parameter #1 ($num) of type int|float is deprecated in E:\nkutty\catalog\model\catalog\product.php on line 52
2024-01-02 9:28:22 - PHP Unknown:  round(): Passing null to parameter #1 ($num) of type int|float is deprecated in E:\nkutty\catalog\model\catalog\product.php on line 52
2024-01-02 9:28:22 - PHP Unknown:  round(): Passing null to parameter #1 ($num) of type int|float is deprecated in E:\nkutty\catalog\model\catalog\product.php on line 52
2024-01-02 9:28:22 - PHP Unknown:  round(): Passing null to parameter #1 ($num) of type int|float is deprecated in E:\nkutty\catalog\model\catalog\product.php on line 52
2024-01-02 9:28:22 - PHP Unknown:  round(): Passing null to parameter #1 ($num) of type int|float is deprecated in E:\nkutty\catalog\model\catalog\product.php on line 52
2024-01-02 9:28:22 - PHP Unknown:  round(): Passing null to parameter #1 ($num) of type int|float is deprecated in E:\nkutty\catalog\model\catalog\product.php on line 52
2024-01-02 9:28:22 - PHP Unknown:  round(): Passing null to parameter #1 ($num) of type int|float is deprecated in E:\nkutty\catalog\model\catalog\product.php on line 52
2024-01-02 9:28:22 - PHP Unknown:  round(): Passing null to parameter #1 ($num) of type int|float is deprecated in E:\nkutty\catalog\model\catalog\product.php on line 52
2024-01-02 9:28:22 - PHP Unknown:  round(): Passing null to parameter #1 ($num) of type int|float is deprecated in E:\nkutty\catalog\model\catalog\product.php on line 52
2024-01-02 9:28:22 - PHP Unknown:  round(): Passing null to parameter #1 ($num) of type int|float is deprecated in E:\nkutty\catalog\model\catalog\product.php on line 52
2024-01-02 9:28:22 - PHP Unknown:  round(): Passing null to parameter #1 ($num) of type int|float is deprecated in E:\nkutty\catalog\model\catalog\product.php on line 52
2024-01-02 9:28:22 - PHP Unknown:  round(): Passing null to parameter #1 ($num) of type int|float is deprecated in E:\nkutty\catalog\model\catalog\product.php on line 52
2024-01-02 9:28:22 - PHP Unknown:  round(): Passing null to parameter #1 ($num) of type int|float is deprecated in E:\nkutty\catalog\model\catalog\product.php on line 52
2024-01-02 9:28:22 - PHP Unknown:  round(): Passing null to parameter #1 ($num) of type int|float is deprecated in E:\nkutty\catalog\model\catalog\product.php on line 52
2024-01-02 9:28:22 - PHP Unknown:  round(): Passing null to parameter #1 ($num) of type int|float is deprecated in E:\nkutty\catalog\model\catalog\product.php on line 52
2024-01-03 5:20:29 - PHP Unknown:  mysqli::real_escape_string(): Passing null to parameter #1 ($string) of type string is deprecated in E:\nkutty\system\library\db\mysqli.php on line 46
2024-01-03 5:20:29 - PHP Unknown:  Automatic conversion of false to array is deprecated in E:\nkutty\catalog\controller\startup\startup.php on line 103
2024-01-03 5:20:31 - PHP Unknown:  round(): Passing null to parameter #1 ($num) of type int|float is deprecated in E:\nkutty\catalog\model\catalog\product.php on line 52
2024-01-03 5:20:31 - PHP Unknown:  round(): Passing null to parameter #1 ($num) of type int|float is deprecated in E:\nkutty\catalog\model\catalog\product.php on line 52
2024-01-03 5:20:31 - PHP Unknown:  round(): Passing null to parameter #1 ($num) of type int|float is deprecated in E:\nkutty\catalog\model\catalog\product.php on line 52
2024-01-03 5:20:31 - PHP Unknown:  round(): Passing null to parameter #1 ($num) of type int|float is deprecated in E:\nkutty\catalog\model\catalog\product.php on line 52
2024-01-03 5:20:31 - PHP Unknown:  round(): Passing null to parameter #1 ($num) of type int|float is deprecated in E:\nkutty\catalog\model\catalog\product.php on line 52
2024-01-03 5:20:31 - PHP Unknown:  round(): Passing null to parameter #1 ($num) of type int|float is deprecated in E:\nkutty\catalog\model\catalog\product.php on line 52
2024-01-03 5:20:31 - PHP Unknown:  round(): Passing null to parameter #1 ($num) of type int|float is deprecated in E:\nkutty\catalog\model\catalog\product.php on line 52
2024-01-03 5:20:31 - PHP Unknown:  round(): Passing null to parameter #1 ($num) of type int|float is deprecated in E:\nkutty\catalog\model\catalog\product.php on line 52
2024-01-03 5:20:31 - PHP Unknown:  round(): Passing null to parameter #1 ($num) of type int|float is deprecated in E:\nkutty\catalog\model\catalog\product.php on line 52
2024-01-03 5:20:31 - PHP Unknown:  round(): Passing null to parameter #1 ($num) of type int|float is deprecated in E:\nkutty\catalog\model\catalog\product.php on line 52
2024-01-03 5:20:31 - PHP Unknown:  round(): Passing null to parameter #1 ($num) of type int|float is deprecated in E:\nkutty\catalog\model\catalog\product.php on line 52
2024-01-03 5:20:31 - PHP Unknown:  round(): Passing null to parameter #1 ($num) of type int|float is deprecated in E:\nkutty\catalog\model\catalog\product.php on line 52
2024-01-03 5:20:31 - PHP Unknown:  round(): Passing null to parameter #1 ($num) of type int|float is deprecated in E:\nkutty\catalog\model\catalog\product.php on line 52
2024-01-03 5:20:31 - PHP Unknown:  round(): Passing null to parameter #1 ($num) of type int|float is deprecated in E:\nkutty\catalog\model\catalog\product.php on line 52
2024-01-03 5:20:31 - PHP Unknown:  round(): Passing null to parameter #1 ($num) of type int|float is deprecated in E:\nkutty\catalog\model\catalog\product.php on line 52
2024-01-03 5:20:31 - PHP Unknown:  round(): Passing null to parameter #1 ($num) of type int|float is deprecated in E:\nkutty\catalog\model\catalog\product.php on line 52
2024-01-03 5:20:31 - PHP Unknown:  round(): Passing null to parameter #1 ($num) of type int|float is deprecated in E:\nkutty\catalog\model\catalog\product.php on line 52
2024-01-03 5:20:31 - PHP Unknown:  round(): Passing null to parameter #1 ($num) of type int|float is deprecated in E:\nkutty\catalog\model\catalog\product.php on line 52
2024-01-03 5:20:31 - PHP Unknown:  round(): Passing null to parameter #1 ($num) of type int|float is deprecated in E:\nkutty\catalog\model\catalog\product.php on line 52
2024-01-03 5:20:31 - PHP Unknown:  round(): Passing null to parameter #1 ($num) of type int|float is deprecated in E:\nkutty\catalog\model\catalog\product.php on line 52
2024-01-03 5:20:31 - PHP Unknown:  round(): Passing null to parameter #1 ($num) of type int|float is deprecated in E:\nkutty\catalog\model\catalog\product.php on line 52
2024-01-03 5:20:31 - PHP Unknown:  round(): Passing null to parameter #1 ($num) of type int|float is deprecated in E:\nkutty\catalog\model\catalog\product.php on line 52
2024-01-03 5:20:31 - PHP Unknown:  round(): Passing null to parameter #1 ($num) of type int|float is deprecated in E:\nkutty\catalog\model\catalog\product.php on line 52
2024-01-03 5:20:31 - PHP Unknown:  round(): Passing null to parameter #1 ($num) of type int|float is deprecated in E:\nkutty\catalog\model\catalog\product.php on line 52
2024-01-03 5:20:31 - PHP Unknown:  round(): Passing null to parameter #1 ($num) of type int|float is deprecated in E:\nkutty\catalog\model\catalog\product.php on line 52
2024-01-03 5:20:31 - PHP Unknown:  round(): Passing null to parameter #1 ($num) of type int|float is deprecated in E:\nkutty\catalog\model\catalog\product.php on line 52
2024-01-03 5:20:31 - PHP Unknown:  round(): Passing null to parameter #1 ($num) of type int|float is deprecated in E:\nkutty\catalog\model\catalog\product.php on line 52
2024-01-03 5:20:31 - PHP Unknown:  round(): Passing null to parameter #1 ($num) of type int|float is deprecated in E:\nkutty\catalog\model\catalog\product.php on line 52
2024-01-03 5:20:31 - PHP Unknown:  round(): Passing null to parameter #1 ($num) of type int|float is deprecated in E:\nkutty\catalog\model\catalog\product.php on line 52
2024-01-03 5:20:31 - PHP Unknown:  round(): Passing null to parameter #1 ($num) of type int|float is deprecated in E:\nkutty\catalog\model\catalog\product.php on line 52
2024-01-03 5:20:31 - PHP Unknown:  round(): Passing null to parameter #1 ($num) of type int|float is deprecated in E:\nkutty\catalog\model\catalog\product.php on line 52
2024-01-03 5:20:31 - PHP Unknown:  round(): Passing null to parameter #1 ($num) of type int|float is deprecated in E:\nkutty\catalog\model\catalog\product.php on line 52
2024-01-03 5:20:31 - PHP Unknown:  round(): Passing null to parameter #1 ($num) of type int|float is deprecated in E:\nkutty\catalog\model\catalog\product.php on line 52
2024-01-03 5:20:31 - PHP Unknown:  round(): Passing null to parameter #1 ($num) of type int|float is deprecated in E:\nkutty\catalog\model\catalog\product.php on line 52
2024-01-03 5:20:31 - PHP Unknown:  round(): Passing null to parameter #1 ($num) of type int|float is deprecated in E:\nkutty\catalog\model\catalog\product.php on line 52
2024-01-03 5:20:31 - PHP Unknown:  round(): Passing null to parameter #1 ($num) of type int|float is deprecated in E:\nkutty\catalog\model\catalog\product.php on line 52
2024-01-03 5:20:31 - PHP Unknown:  round(): Passing null to parameter #1 ($num) of type int|float is deprecated in E:\nkutty\catalog\model\catalog\product.php on line 52
2024-01-03 5:20:31 - PHP Unknown:  round(): Passing null to parameter #1 ($num) of type int|float is deprecated in E:\nkutty\catalog\model\catalog\product.php on line 52
2024-01-03 5:20:31 - PHP Unknown:  round(): Passing null to parameter #1 ($num) of type int|float is deprecated in E:\nkutty\catalog\model\catalog\product.php on line 52
2024-01-03 5:20:31 - PHP Unknown:  round(): Passing null to parameter #1 ($num) of type int|float is deprecated in E:\nkutty\catalog\model\catalog\product.php on line 52
2024-01-03 5:20:31 - PHP Unknown:  round(): Passing null to parameter #1 ($num) of type int|float is deprecated in E:\nkutty\catalog\model\catalog\product.php on line 52
2024-01-03 5:20:31 - PHP Unknown:  round(): Passing null to parameter #1 ($num) of type int|float is deprecated in E:\nkutty\catalog\model\catalog\product.php on line 52
2024-01-03 5:20:31 - PHP Unknown:  round(): Passing null to parameter #1 ($num) of type int|float is deprecated in E:\nkutty\catalog\model\catalog\product.php on line 52
2024-01-03 5:20:32 - PHP Unknown:  round(): Passing null to parameter #1 ($num) of type int|float is deprecated in E:\nkutty\catalog\model\catalog\product.php on line 52
2024-01-03 5:20:32 - PHP Unknown:  round(): Passing null to parameter #1 ($num) of type int|float is deprecated in E:\nkutty\catalog\model\catalog\product.php on line 52
2024-01-03 5:20:32 - PHP Unknown:  round(): Passing null to parameter #1 ($num) of type int|float is deprecated in E:\nkutty\catalog\model\catalog\product.php on line 52
2024-01-03 5:20:32 - PHP Unknown:  round(): Passing null to parameter #1 ($num) of type int|float is deprecated in E:\nkutty\catalog\model\catalog\product.php on line 52
2024-01-03 5:20:32 - PHP Unknown:  round(): Passing null to parameter #1 ($num) of type int|float is deprecated in E:\nkutty\catalog\model\catalog\product.php on line 52
2024-01-03 5:20:32 - PHP Unknown:  round(): Passing null to parameter #1 ($num) of type int|float is deprecated in E:\nkutty\catalog\model\catalog\product.php on line 52
2024-01-03 5:20:32 - PHP Unknown:  round(): Passing null to parameter #1 ($num) of type int|float is deprecated in E:\nkutty\catalog\model\catalog\product.php on line 52
2024-01-03 5:20:32 - PHP Unknown:  round(): Passing null to parameter #1 ($num) of type int|float is deprecated in E:\nkutty\catalog\model\catalog\product.php on line 52
2024-01-03 5:20:32 - PHP Unknown:  round(): Passing null to parameter #1 ($num) of type int|float is deprecated in E:\nkutty\catalog\model\catalog\product.php on line 52
2024-01-03 5:20:32 - PHP Unknown:  round(): Passing null to parameter #1 ($num) of type int|float is deprecated in E:\nkutty\catalog\model\catalog\product.php on line 52
2024-01-03 5:20:32 - PHP Unknown:  round(): Passing null to parameter #1 ($num) of type int|float is deprecated in E:\nkutty\catalog\model\catalog\product.php on line 52
2024-01-03 5:20:32 - PHP Unknown:  round(): Passing null to parameter #1 ($num) of type int|float is deprecated in E:\nkutty\catalog\model\catalog\product.php on line 52
2024-01-03 5:53:32 - PHP Warning:  mysqli::__construct(): (HY000/2002): No connection could be made because the target machine actively refused it.
 in E:\nkutty\system\library\db\mysqli.php on line 7
2024-01-03 12:31:02 - PHP Warning:  Division by zero in E:\nkutty\catalog\controller\extension\module\featured.php on line 55
2024-01-03 12:31:03 - PHP Warning:  Division by zero in E:\nkutty\catalog\controller\extension\module\wbocproduct.php on line 152
2024-01-03 12:31:03 - PHP Warning:  Division by zero in E:\nkutty\catalog\controller\extension\module\wbocproduct.php on line 203
2024-01-03 12:31:03 - PHP Warning:  Division by zero in E:\nkutty\catalog\controller\extension\module\special.php on line 55
2024-01-03 12:31:03 - PHP Warning:  Division by zero in E:\nkutty\catalog\controller\extension\module\wbonsaleproduct.php on line 61
2024-01-03 12:31:03 - PHP Warning:  Division by zero in E:\nkutty\catalog\controller\extension\module\wbtoprateproduct.php on line 61
2024-01-03 13:16:16 - PHP Warning:  imagecreatefrompng(): gd-png: libpng warning: iCCP: known incorrect sRGB profile in E:\nkutty\system\library\image.php on line 45
